Log file open, 07/24/23 10:53:13
LogWindows: Failed to load 'aqProf.dll' (GetLastError=126)
LogWindows: File 'aqProf.dll' does not exist
LogWindows: Failed to load 'VtuneApi.dll' (GetLastError=126)
LogWindows: File 'VtuneApi.dll' does not exist
LogWindows: Failed to load 'VtuneApi32e.dll' (GetLastError=126)
LogWindows: File 'VtuneApi32e.dll' does not exist
LogConsoleResponse: Display: Failed to find resolution value strings in scalability ini. Falling back to default.
LogConsoleResponse: Display: Failed to find resolution value strings in scalability ini. Falling back to default.
LogInit: Display: Running engine for game: GameJam2023
LogPlatformFile: Not using cached read wrapper
LogTaskGraph: Started task graph with 5 named threads and 59 total threads with 3 sets of task threads.
LogStats: Stats thread started at 0.154142
LogICUInternationalization: ICU TimeZone Detection - Raw Offset: +10:00, Platform Override: ''
LogInit: Display: Loading text-based GConfig....
LogPluginManager: Mounting plugin MeshPainting
LogPluginManager: Mounting plugin XGEController
LogPluginManager: Mounting plugin Paper2D
LogPluginManager: Mounting plugin EnvironmentQueryEditor
LogPluginManager: Mounting plugin AISupport
LogPluginManager: Mounting plugin LiveLink
LogPluginManager: Mounting plugin OodleData
LogPluginManager: Mounting plugin OodleNetwork
LogPluginManager: Mounting plugin LightPropagationVolume
LogPluginManager: Mounting plugin CameraShakePreviewer
LogPluginManager: Mounting plugin GameplayCameras
LogPluginManager: Mounting plugin AssetManagerEditor
LogPluginManager: Mounting plugin CryptoKeys
LogPluginManager: Mounting plugin CurveEditorTools
LogPluginManager: Mounting plugin DataValidation
LogPluginManager: Mounting plugin FacialAnimation
LogPluginManager: Mounting plugin GameplayTagsEditor
LogPluginManager: Mounting plugin GeometryMode
LogPluginManager: Mounting plugin MacGraphicsSwitching
LogPluginManager: Mounting plugin MaterialAnalyzer
LogPluginManager: Mounting plugin MobileLauncherProfileWizard
LogPluginManager: Mounting plugin PluginBrowser
LogPluginManager: Mounting plugin SpeedTreeImporter
LogPluginManager: Mounting plugin AnimationSharing
LogPluginManager: Mounting plugin CLionSourceCodeAccess
LogPluginManager: Mounting plugin CodeLiteSourceCodeAccess
LogPluginManager: Mounting plugin GitSourceControl
LogPluginManager: Mounting plugin KDevelopSourceCodeAccess
LogPluginManager: Mounting plugin NullSourceCodeAccess
LogPluginManager: Mounting plugin PerforceSourceControl
LogPluginManager: Mounting plugin PixWinPlugin
LogPluginManager: Mounting plugin PlasticSourceControl
LogPluginManager: Mounting plugin AlembicImporter
LogPluginManager: Mounting plugin PluginUtils
LogPluginManager: Mounting plugin Niagara
LogPluginManager: Mounting plugin PropertyAccessNode
LogPluginManager: Mounting plugin RiderSourceCodeAccess
LogPluginManager: Mounting plugin SubversionSourceControl
LogPluginManager: Mounting plugin TextureFormatOodle
LogPluginManager: Mounting plugin AutomationUtils
LogPluginManager: Mounting plugin BackChannel
LogPluginManager: Mounting plugin UObjectPlugin
LogPluginManager: Mounting plugin DatasmithContent
LogPluginManager: Mounting plugin ChaosCloth
LogPluginManager: Mounting plugin ChaosClothEditor
LogPluginManager: Mounting plugin ChaosNiagara
LogPluginManager: Mounting plugin ChaosEditor
LogPluginManager: Mounting plugin ChaosSolverPlugin
LogPluginManager: Mounting plugin CharacterAI
LogPluginManager: Mounting plugin VariantManagerContent
LogPluginManager: Mounting plugin XCodeSourceCodeAccess
LogPluginManager: Mounting plugin VisualStudioSourceCodeAccess
LogPluginManager: Mounting plugin VisualStudioCodeSourceCodeAccess
LogPluginManager: Mounting plugin GeometryCache
LogPluginManager: Mounting plugin GeometryCollectionPlugin
LogPluginManager: Mounting plugin GeometryProcessing
LogPluginManager: Mounting plugin OpenImageDenoise
LogPluginManager: Mounting plugin PlanarCut
LogPluginManager: Mounting plugin PlatformCrypto
LogPluginManager: Mounting plugin ProxyLODPlugin
LogPluginManager: Mounting plugin PythonScriptPlugin
LogPluginManager: Mounting plugin SkeletalReduction
LogPluginManager: Mounting plugin LuminPlatformFeatures
LogPluginManager: Mounting plugin MagicLeap
LogPluginManager: Mounting plugin MagicLeapLightEstimation
LogPluginManager: Mounting plugin MagicLeapMedia
LogPluginManager: Mounting plugin MagicLeapPassableWorld
LogPluginManager: Mounting plugin MLSDK
LogPluginManager: Mounting plugin AndroidMedia
LogPluginManager: Mounting plugin AvfMedia
LogPluginManager: Mounting plugin ImgMedia
LogPluginManager: Mounting plugin MediaCompositing
LogPluginManager: Mounting plugin MediaPlayerEditor
LogPluginManager: Mounting plugin WebMMedia
LogPluginManager: Mounting plugin TcpMessaging
LogPluginManager: Mounting plugin WmfMedia
LogPluginManager: Mounting plugin UdpMessaging
LogPluginManager: Mounting plugin ActorSequence
LogPluginManager: Mounting plugin LevelSequenceEditor
LogPluginManager: Mounting plugin MatineeToLevelSequence
LogPluginManager: Mounting plugin TemplateSequence
LogPluginManager: Mounting plugin OnlineSubsystem
LogPluginManager: Mounting plugin OnlineSubsystemNull
LogPluginManager: Mounting plugin OnlineSubsystemUtils
LogPluginManager: Mounting plugin LauncherChunkInstaller
LogPluginManager: Mounting plugin ActorLayerUtilities
LogPluginManager: Mounting plugin AndroidMoviePlayer
LogPluginManager: Mounting plugin AndroidDeviceProfileSelector
LogPluginManager: Mounting plugin AndroidPermission
LogPluginManager: Mounting plugin AppleImageUtils
LogPluginManager: Mounting plugin AppleMoviePlayer
LogPluginManager: Mounting plugin ArchVisCharacter
LogPluginManager: Mounting plugin AssetTags
LogPluginManager: Mounting plugin AudioCapture
LogPluginManager: Mounting plugin CableComponent
LogPluginManager: Mounting plugin AudioSynesthesia
LogPluginManager: Mounting plugin CustomMeshComponent
LogPluginManager: Mounting plugin ChunkDownloader
LogPluginManager: Mounting plugin ExampleDeviceProfileSelector
LogPluginManager: Mounting plugin EditableMesh
LogPluginManager: Mounting plugin GooglePAD
LogPluginManager: Mounting plugin GoogleCloudMessaging
LogPluginManager: Mounting plugin ScreenshotTools
LogPluginManager: Mounting plugin Takes
LogPluginManager: Mounting plugin LinuxDeviceProfileSelector
LogPluginManager: Mounting plugin IOSDeviceProfileSelector
LogPluginManager: Mounting plugin LocationServicesBPLibrary
LogPluginManager: Mounting plugin MobilePatchingUtils
LogPluginManager: Mounting plugin OpenXREyeTracker
LogPluginManager: Mounting plugin OpenXR
LogPluginManager: Mounting plugin OpenXRHandTracking
LogPluginManager: Mounting plugin PhysXVehicles
LogPluginManager: Mounting plugin ProceduralMeshComponent
LogPluginManager: Mounting plugin PostSplashScreen
LogPluginManager: Mounting plugin RuntimePhysXCooking
LogPluginManager: Mounting plugin PropertyAccessEditor
LogPluginManager: Mounting plugin SignificanceManager
LogPluginManager: Mounting plugin SoundFields
LogPluginManager: Mounting plugin Synthesis
LogPluginManager: Mounting plugin WebMMoviePlayer
LogPluginManager: Mounting plugin WindowsMoviePlayer
LogPluginManager: Mounting plugin MotoSynth
LogPluginManager: Mounting plugin ContentBrowserAssetDataSource
LogPluginManager: Mounting plugin ContentBrowserClassDataSource
LogPluginManager: Mounting plugin ContentBrowserFileDataSource
LogPluginManager: Mounting plugin OnlineSubsystemGooglePlay
LogPluginManager: Mounting plugin OnlineSubsystemIOS
LogPluginManager: Mounting plugin OculusVR
LogPluginManager: Mounting plugin SteamVR
PixWinPlugin: PIX capture plugin failed to initialize! Check that the process is launched from PIX.
LogInit: Using libcurl 7.55.1-DEV
LogInit:  - built for x86_64-pc-win32
LogInit:  - supports SSL with OpenSSL/1.1.1
LogInit:  - supports HTTP deflate (compression) using libz 1.2.8
LogInit:  - other features:
LogInit:      CURL_VERSION_SSL
LogInit:      CURL_VERSION_LIBZ
LogInit:      CURL_VERSION_IPV6
LogInit:      CURL_VERSION_ASYNCHDNS
LogInit:      CURL_VERSION_LARGEFILE
LogInit:      CURL_VERSION_IDN
LogInit:  CurlRequestOptions (configurable via config and command line):
LogInit:  - bVerifyPeer = true  - Libcurl will verify peer certificate
LogInit:  - bUseHttpProxy = false  - Libcurl will NOT use HTTP proxy
LogInit:  - bDontReuseConnections = false  - Libcurl will reuse connections
LogInit:  - MaxHostConnections = 16  - Libcurl will limit the number of connections to a host
LogInit:  - LocalHostAddr = Default
LogInit:  - BufferSize = 65536
LogOnline: OSS: Creating online subsystem instance for: NULL
LogInit: WinSock: version 1.1 (2.2), MaxSocks=32767, MaxUdp=65467
LogOnline: OSS: TryLoadSubsystemAndSetDefault: Loaded subsystem for module [NULL]
LogOculusPluginWrapper: OculusPlugin initialized successfully
LogHMD: Failed initializing OVRPlugin 1.59.0
LogInit: Build: ++UE4+Release-4.27-CL-18319896
LogInit: Engine Version: 4.27.2-18319896+++UE4+Release-4.27
LogInit: Compatible Engine Version: 4.27.0-17155196+++UE4+Release-4.27
LogInit: Net CL: 17155196
LogInit: OS: Windows 10 (Release 2009) (), CPU: 12th Gen Intel(R) Core(TM) i7-12700F, GPU: NVIDIA GeForce RTX 3060 Ti
LogInit: Compiled (64-bit): Nov 30 2021 07:12:08
LogInit: Compiled with Visual C++: 19.24.28315.00
LogInit: Build Configuration: Development
LogInit: Branch Name: ++UE4+Release-4.27
LogInit: Command Line: 
LogInit: Base Directory: C:/Program Files/Epic Games/UE_4.27/Engine/Binaries/Win64/
LogInit: Allocator: TBB
LogInit: Installed Engine Build: 1
LogDevObjectVersion: Number of dev versions registered: 29
LogDevObjectVersion:   Dev-Blueprints (B0D832E4-1F89-4F0D-ACCF-7EB736FD4AA2): 10
LogDevObjectVersion:   Dev-Build (E1C64328-A22C-4D53-A36C-8E866417BD8C): 0
LogDevObjectVersion:   Dev-Core (375EC13C-06E4-48FB-B500-84F0262A717E): 4
LogDevObjectVersion:   Dev-Editor (E4B068ED-F494-42E9-A231-DA0B2E46BB41): 40
LogDevObjectVersion:   Dev-Framework (CFFC743F-43B0-4480-9391-14DF171D2073): 37
LogDevObjectVersion:   Dev-Mobile (B02B49B5-BB20-44E9-A304-32B752E40360): 3
LogDevObjectVersion:   Dev-Networking (A4E4105C-59A1-49B5-A7C5-40C4547EDFEE): 0
LogDevObjectVersion:   Dev-Online (39C831C9-5AE6-47DC-9A44-9C173E1C8E7C): 0
LogDevObjectVersion:   Dev-Physics (78F01B33-EBEA-4F98-B9B4-84EACCB95AA2): 14
LogDevObjectVersion:   Dev-Platform (6631380F-2D4D-43E0-8009-CF276956A95A): 0
LogDevObjectVersion:   Dev-Rendering (12F88B9F-8875-4AFC-A67C-D90C383ABD29): 45
LogDevObjectVersion:   Dev-Sequencer (7B5AE74C-D270-4C10-A958-57980B212A5A): 13
LogDevObjectVersion:   Dev-VR (D7296918-1DD6-4BDD-9DE2-64A83CC13884): 3
LogDevObjectVersion:   Dev-LoadTimes (C2A15278-BFE7-4AFE-6C17-90FF531DF755): 1
LogDevObjectVersion:   Private-Geometry (6EACA3D4-40EC-4CC1-B786-8BED09428FC5): 3
LogDevObjectVersion:   Dev-AnimPhys (29E575DD-E0A3-4627-9D10-D276232CDCEA): 17
LogDevObjectVersion:   Dev-Anim (AF43A65D-7FD3-4947-9873-3E8ED9C1BB05): 15
LogDevObjectVersion:   Dev-ReflectionCapture (6B266CEC-1EC7-4B8F-A30B-E4D90942FC07): 1
LogDevObjectVersion:   Dev-Automation (0DF73D61-A23F-47EA-B727-89E90C41499A): 1
LogDevObjectVersion:   FortniteMain (601D1886-AC64-4F84-AA16-D3DE0DEAC7D6): 47
LogDevObjectVersion:   FortniteRelease (E7086368-6B23-4C58-8439-1B7016265E91): 1
LogDevObjectVersion:   Dev-Enterprise (9DFFBCD6-494F-0158-E221-12823C92A888): 10
LogDevObjectVersion:   Dev-Niagara (F2AED0AC-9AFE-416F-8664-AA7FFA26D6FC): 1
LogDevObjectVersion:   Dev-Destruction (174F1F0B-B4C6-45A5-B13F-2EE8D0FB917D): 10
LogDevObjectVersion:   Dev-Physics-Ext (35F94A83-E258-406C-A318-09F59610247C): 41
LogDevObjectVersion:   Dev-PhysicsMaterial-Chaos (B68FC16E-8B1B-42E2-B453-215C058844FE): 1
LogDevObjectVersion:   Dev-CineCamera (B2E18506-4273-CFC2-A54E-F4BB758BBA07): 1
LogDevObjectVersion:   Dev-VirtualProduction (64F58936-FD1B-42BA-BA96-7289D5D0FA4E): 1
LogDevObjectVersion:   Dev-MediaFramework (6F0ED827-A609-4895-9C91-998D90180EA4): 2
LogInit: Presizing for max 25165824 objects, including 0 objects not considered by GC, pre-allocating 0 bytes for permanent pool.
LogConfig: Applying CVar settings from Section [/Script/Engine.StreamingSettings] File [C:/Users/s213634/Desktop/GitHub/GameJam2023/GameJam2023/Saved/Config/Windows/Engine.ini]
LogConfig: Setting CVar [[s.MinBulkDataSizeForAsyncLoading:131072]]
LogConfig: Setting CVar [[s.AsyncLoadingThreadEnabled:0]]
LogConfig: Setting CVar [[s.EventDrivenLoaderEnabled:1]]
LogConfig: Setting CVar [[s.WarnIfTimeLimitExceeded:0]]
LogConfig: Setting CVar [[s.TimeLimitExceededMultiplier:1.5]]
LogConfig: Setting CVar [[s.TimeLimitExceededMinTime:0.005]]
LogConfig: Setting CVar [[s.UseBackgroundLevelStreaming:1]]
LogConfig: Setting CVar [[s.PriorityAsyncLoadingExtraTime:15.0]]
LogConfig: Setting CVar [[s.LevelStreamingActorsUpdateTimeLimit:5.0]]
LogConfig: Setting CVar [[s.PriorityLevelStreamingActorsUpdateExtraTime:5.0]]
LogConfig: Setting CVar [[s.LevelStreamingComponentsRegistrationGranularity:10]]
LogConfig: Setting CVar [[s.UnregisterComponentsTimeLimit:1.0]]
LogConfig: Setting CVar [[s.LevelStreamingComponentsUnregistrationGranularity:5]]
LogConfig: Setting CVar [[s.FlushStreamingOnExit:1]]
LogInit: Object subsystem initialized
LogConfig: Setting CVar [[con.DebugEarlyDefault:1]]
LogConfig: Setting CVar [[r.setres:1280x720]]
[2023.07.24-00.53.14:053][  0]LogConfig: Setting CVar [[r.VSync:0]]
[2023.07.24-00.53.14:053][  0]LogConfig: Setting CVar [[r.RHICmdBypass:0]]
[2023.07.24-00.53.14:053][  0]LogConfig: Applying CVar settings from Section [/Script/Engine.RendererSettings] File [C:/Users/s213634/Desktop/GitHub/GameJam2023/GameJam2023/Saved/Config/Windows/Engine.ini]
[2023.07.24-00.53.14:053][  0]LogConfig: Setting CVar [[r.GPUCrashDebugging:0]]
[2023.07.24-00.53.14:053][  0]LogConfig: Applying CVar settings from Section [/Script/Engine.RendererOverrideSettings] File [C:/Users/s213634/Desktop/GitHub/GameJam2023/GameJam2023/Saved/Config/Windows/Engine.ini]
[2023.07.24-00.53.14:053][  0]LogConfig: Applying CVar settings from Section [/Script/Engine.StreamingSettings] File [C:/Users/s213634/Desktop/GitHub/GameJam2023/GameJam2023/Saved/Config/Windows/Engine.ini]
[2023.07.24-00.53.14:053][  0]LogConfig: Setting CVar [[s.MinBulkDataSizeForAsyncLoading:131072]]
[2023.07.24-00.53.14:053][  0]LogConfig: Setting CVar [[s.AsyncLoadingThreadEnabled:0]]
[2023.07.24-00.53.14:053][  0]LogConfig: Setting CVar [[s.EventDrivenLoaderEnabled:1]]
[2023.07.24-00.53.14:053][  0]LogConfig: Setting CVar [[s.WarnIfTimeLimitExceeded:0]]
[2023.07.24-00.53.14:053][  0]LogConfig: Setting CVar [[s.TimeLimitExceededMultiplier:1.5]]
[2023.07.24-00.53.14:053][  0]LogConfig: Setting CVar [[s.TimeLimitExceededMinTime:0.005]]
[2023.07.24-00.53.14:053][  0]LogConfig: Setting CVar [[s.UseBackgroundLevelStreaming:1]]
[2023.07.24-00.53.14:053][  0]LogConfig: Setting CVar [[s.PriorityAsyncLoadingExtraTime:15.0]]
[2023.07.24-00.53.14:053][  0]LogConfig: Setting CVar [[s.LevelStreamingActorsUpdateTimeLimit:5.0]]
[2023.07.24-00.53.14:053][  0]LogConfig: Setting CVar [[s.PriorityLevelStreamingActorsUpdateExtraTime:5.0]]
[2023.07.24-00.53.14:053][  0]LogConfig: Setting CVar [[s.LevelStreamingComponentsRegistrationGranularity:10]]
[2023.07.24-00.53.14:053][  0]LogConfig: Setting CVar [[s.UnregisterComponentsTimeLimit:1.0]]
[2023.07.24-00.53.14:053][  0]LogConfig: Setting CVar [[s.LevelStreamingComponentsUnregistrationGranularity:5]]
[2023.07.24-00.53.14:053][  0]LogConfig: Setting CVar [[s.FlushStreamingOnExit:1]]
[2023.07.24-00.53.14:053][  0]LogConfig: Applying CVar settings from Section [/Script/Engine.GarbageCollectionSettings] File [C:/Users/s213634/Desktop/GitHub/GameJam2023/GameJam2023/Saved/Config/Windows/Engine.ini]
[2023.07.24-00.53.14:053][  0]LogConfig: Setting CVar [[gc.MaxObjectsNotConsideredByGC:1]]
[2023.07.24-00.53.14:053][  0]LogConfig: Setting CVar [[gc.SizeOfPermanentObjectPool:0]]
[2023.07.24-00.53.14:053][  0]LogConfig: Setting CVar [[gc.FlushStreamingOnGC:0]]
[2023.07.24-00.53.14:053][  0]LogConfig: Setting CVar [[gc.NumRetriesBeforeForcingGC:10]]
[2023.07.24-00.53.14:053][  0]LogConfig: Setting CVar [[gc.AllowParallelGC:1]]
[2023.07.24-00.53.14:053][  0]LogConfig: Setting CVar [[gc.TimeBetweenPurgingPendingKillObjects:61.1]]
[2023.07.24-00.53.14:053][  0]LogConfig: Setting CVar [[gc.MaxObjectsInEditor:25165824]]
[2023.07.24-00.53.14:053][  0]LogConfig: Setting CVar [[gc.IncrementalBeginDestroyEnabled:1]]
[2023.07.24-00.53.14:053][  0]LogConfig: Setting CVar [[gc.CreateGCClusters:1]]
[2023.07.24-00.53.14:053][  0]LogConfig: Setting CVar [[gc.MinGCClusterSize:5]]
[2023.07.24-00.53.14:053][  0]LogConfig: Setting CVar [[gc.ActorClusteringEnabled:0]]
[2023.07.24-00.53.14:053][  0]LogConfig: Setting CVar [[gc.BlueprintClusteringEnabled:0]]
[2023.07.24-00.53.14:053][  0]LogConfig: Setting CVar [[gc.UseDisregardForGCOnDedicatedServers:0]]
[2023.07.24-00.53.14:053][  0]LogConfig: Setting CVar [[gc.MultithreadedDestructionEnabled:1]]
[2023.07.24-00.53.14:053][  0]LogConfig: Applying CVar settings from Section [/Script/Engine.NetworkSettings] File [C:/Users/s213634/Desktop/GitHub/GameJam2023/GameJam2023/Saved/Config/Windows/Engine.ini]
[2023.07.24-00.53.14:053][  0]LogConfig: Applying CVar settings from Section [/Script/UnrealEd.CookerSettings] File [C:/Users/s213634/Desktop/GitHub/GameJam2023/GameJam2023/Saved/Config/Windows/Engine.ini]
[2023.07.24-00.53.14:074][  0]LogConfig: Applying CVar settings from Section [ViewDistanceQuality@3] File [C:/Users/s213634/Desktop/GitHub/GameJam2023/GameJam2023/Saved/Config/Windows/Scalability.ini]
[2023.07.24-00.53.14:074][  0]LogConfig: Setting CVar [[r.SkeletalMeshLODBias:0]]
[2023.07.24-00.53.14:074][  0]LogConfig: Setting CVar [[r.ViewDistanceScale:1.0]]
[2023.07.24-00.53.14:074][  0]LogConfig: Applying CVar settings from Section [AntiAliasingQuality@3] File [C:/Users/s213634/Desktop/GitHub/GameJam2023/GameJam2023/Saved/Config/Windows/Scalability.ini]
[2023.07.24-00.53.14:074][  0]LogConfig: Setting CVar [[r.PostProcessAAQuality:4]]
[2023.07.24-00.53.14:074][  0]LogConfig: Applying CVar settings from Section [ShadowQuality@3] File [C:/Users/s213634/Desktop/GitHub/GameJam2023/GameJam2023/Saved/Config/Windows/Scalability.ini]
[2023.07.24-00.53.14:074][  0]LogConfig: Setting CVar [[r.LightFunctionQuality:1]]
[2023.07.24-00.53.14:074][  0]LogConfig: Setting CVar [[r.ShadowQuality:5]]
[2023.07.24-00.53.14:074][  0]LogConfig: Setting CVar [[r.Shadow.CSM.MaxCascades:10]]
[2023.07.24-00.53.14:074][  0]LogConfig: Setting CVar [[r.Shadow.MaxResolution:2048]]
[2023.07.24-00.53.14:074][  0]LogConfig: Setting CVar [[r.Shadow.MaxCSMResolution:2048]]
[2023.07.24-00.53.14:074][  0]LogConfig: Setting CVar [[r.Shadow.RadiusThreshold:0.01]]
[2023.07.24-00.53.14:074][  0]LogConfig: Setting CVar [[r.Shadow.DistanceScale:1.0]]
[2023.07.24-00.53.14:074][  0]LogConfig: Setting CVar [[r.Shadow.CSM.TransitionScale:1.0]]
[2023.07.24-00.53.14:074][  0]LogConfig: Setting CVar [[r.Shadow.PreShadowResolutionFactor:1.0]]
[2023.07.24-00.53.14:074][  0]LogConfig: Setting CVar [[r.DistanceFieldShadowing:1]]
[2023.07.24-00.53.14:074][  0]LogConfig: Setting CVar [[r.DistanceFieldAO:1]]
[2023.07.24-00.53.14:074][  0]LogConfig: Setting CVar [[r.AOQuality:2]]
[2023.07.24-00.53.14:074][  0]LogConfig: Setting CVar [[r.VolumetricFog:1]]
[2023.07.24-00.53.14:074][  0]LogConfig: Setting CVar [[r.VolumetricFog.GridPixelSize:8]]
[2023.07.24-00.53.14:074][  0]LogConfig: Setting CVar [[r.VolumetricFog.GridSizeZ:128]]
[2023.07.24-00.53.14:074][  0]LogConfig: Setting CVar [[r.VolumetricFog.HistoryMissSupersampleCount:4]]
[2023.07.24-00.53.14:074][  0]LogConfig: Setting CVar [[r.LightMaxDrawDistanceScale:1]]
[2023.07.24-00.53.14:074][  0]LogConfig: Setting CVar [[r.CapsuleShadows:1]]
[2023.07.24-00.53.14:074][  0]LogConfig: Applying CVar settings from Section [PostProcessQuality@3] File [C:/Users/s213634/Desktop/GitHub/GameJam2023/GameJam2023/Saved/Config/Windows/Scalability.ini]
[2023.07.24-00.53.14:074][  0]LogConfig: Setting CVar [[r.MotionBlurQuality:4]]
[2023.07.24-00.53.14:074][  0]LogConfig: Setting CVar [[r.AmbientOcclusionMipLevelFactor:0.4]]
[2023.07.24-00.53.14:074][  0]LogConfig: Setting CVar [[r.AmbientOcclusionMaxQuality:100]]
[2023.07.24-00.53.14:074][  0]LogConfig: Setting CVar [[r.AmbientOcclusionLevels:-1]]
[2023.07.24-00.53.14:074][  0]LogConfig: Setting CVar [[r.AmbientOcclusionRadiusScale:1.0]]
[2023.07.24-00.53.14:074][  0]LogConfig: Setting CVar [[r.DepthOfFieldQuality:2]]
[2023.07.24-00.53.14:074][  0]LogConfig: Setting CVar [[r.RenderTargetPoolMin:400]]
[2023.07.24-00.53.14:074][  0]LogConfig: Setting CVar [[r.LensFlareQuality:2]]
[2023.07.24-00.53.14:074][  0]LogConfig: Setting CVar [[r.SceneColorFringeQuality:1]]
[2023.07.24-00.53.14:074][  0]LogConfig: Setting CVar [[r.EyeAdaptationQuality:2]]
[2023.07.24-00.53.14:074][  0]LogConfig: Setting CVar [[r.BloomQuality:5]]
[2023.07.24-00.53.14:074][  0]LogConfig: Setting CVar [[r.FastBlurThreshold:100]]
[2023.07.24-00.53.14:074][  0]LogConfig: Setting CVar [[r.Upscale.Quality:3]]
[2023.07.24-00.53.14:074][  0]LogConfig: Setting CVar [[r.Tonemapper.GrainQuantization:1]]
[2023.07.24-00.53.14:074][  0]LogConfig: Setting CVar [[r.LightShaftQuality:1]]
[2023.07.24-00.53.14:074][  0]LogConfig: Setting CVar [[r.Filter.SizeScale:1]]
[2023.07.24-00.53.14:074][  0]LogConfig: Setting CVar [[r.Tonemapper.Quality:5]]
[2023.07.24-00.53.14:074][  0]LogConfig: Setting CVar [[r.DOF.Gather.AccumulatorQuality:1        ; higher gathering accumulator quality]]
[2023.07.24-00.53.14:074][  0]LogConfig: Setting CVar [[r.DOF.Gather.PostfilterMethod:1          ; Median3x3 postfilering method]]
[2023.07.24-00.53.14:074][  0]LogConfig: Setting CVar [[r.DOF.Gather.EnableBokehSettings:0       ; no bokeh simulation when gathering]]
[2023.07.24-00.53.14:074][  0]LogConfig: Setting CVar [[r.DOF.Gather.RingCount:4                 ; medium number of samples when gathering]]
[2023.07.24-00.53.14:074][  0]LogConfig: Setting CVar [[r.DOF.Scatter.ForegroundCompositing:1    ; additive foreground scattering]]
[2023.07.24-00.53.14:074][  0]LogConfig: Setting CVar [[r.DOF.Scatter.BackgroundCompositing:2    ; additive background scattering]]
[2023.07.24-00.53.14:074][  0]LogConfig: Setting CVar [[r.DOF.Scatter.EnableBokehSettings:1      ; bokeh simulation when scattering]]
[2023.07.24-00.53.14:074][  0]LogConfig: Setting CVar [[r.DOF.Scatter.MaxSpriteRatio:0.1         ; only a maximum of 10% of scattered bokeh]]
[2023.07.24-00.53.14:074][  0]LogConfig: Setting CVar [[r.DOF.Recombine.Quality:1                ; cheap slight out of focus]]
[2023.07.24-00.53.14:074][  0]LogConfig: Setting CVar [[r.DOF.Recombine.EnableBokehSettings:0    ; no bokeh simulation on slight out of focus]]
[2023.07.24-00.53.14:074][  0]LogConfig: Setting CVar [[r.DOF.TemporalAAQuality:1                ; more stable temporal accumulation]]
[2023.07.24-00.53.14:074][  0]LogConfig: Setting CVar [[r.DOF.Kernel.MaxForegroundRadius:0.025]]
[2023.07.24-00.53.14:074][  0]LogConfig: Setting CVar [[r.DOF.Kernel.MaxBackgroundRadius:0.025]]
[2023.07.24-00.53.14:074][  0]LogConfig: Applying CVar settings from Section [TextureQuality@3] File [C:/Users/s213634/Desktop/GitHub/GameJam2023/GameJam2023/Saved/Config/Windows/Scalability.ini]
[2023.07.24-00.53.14:074][  0]LogConfig: Setting CVar [[r.Streaming.MipBias:0]]
[2023.07.24-00.53.14:074][  0]LogConfig: Setting CVar [[r.Streaming.AmortizeCPUToGPUCopy:0]]
[2023.07.24-00.53.14:074][  0]LogConfig: Setting CVar [[r.Streaming.MaxNumTexturesToStreamPerFrame:0]]
[2023.07.24-00.53.14:074][  0]LogConfig: Setting CVar [[r.Streaming.Boost:1]]
[2023.07.24-00.53.14:074][  0]LogConfig: Setting CVar [[r.MaxAnisotropy:8]]
[2023.07.24-00.53.14:074][  0]LogConfig: Setting CVar [[r.VT.MaxAnisotropy:8]]
[2023.07.24-00.53.14:074][  0]LogConfig: Setting CVar [[r.Streaming.LimitPoolSizeToVRAM:0]]
[2023.07.24-00.53.14:074][  0]LogConfig: Setting CVar [[r.Streaming.PoolSize:1000]]
[2023.07.24-00.53.14:074][  0]LogConfig: Setting CVar [[r.Streaming.MaxEffectiveScreenSize:0]]
[2023.07.24-00.53.14:074][  0]LogConfig: Applying CVar settings from Section [EffectsQuality@3] File [C:/Users/s213634/Desktop/GitHub/GameJam2023/GameJam2023/Saved/Config/Windows/Scalability.ini]
[2023.07.24-00.53.14:074][  0]LogConfig: Setting CVar [[r.TranslucencyLightingVolumeDim:64]]
[2023.07.24-00.53.14:074][  0]LogConfig: Setting CVar [[r.RefractionQuality:2]]
[2023.07.24-00.53.14:074][  0]LogConfig: Setting CVar [[r.SSR.Quality:3]]
[2023.07.24-00.53.14:074][  0]LogConfig: Setting CVar [[r.SSR.HalfResSceneColor:0]]
[2023.07.24-00.53.14:074][  0]LogConfig: Setting CVar [[r.SceneColorFormat:4]]
[2023.07.24-00.53.14:074][  0]LogConfig: Setting CVar [[r.DetailMode:2]]
[2023.07.24-00.53.14:074][  0]LogConfig: Setting CVar [[r.TranslucencyVolumeBlur:1]]
[2023.07.24-00.53.14:074][  0]LogConfig: Setting CVar [[r.MaterialQualityLevel:1 ; High quality]]
[2023.07.24-00.53.14:074][  0]LogConfig: Setting CVar [[r.AnisotropicMaterials:1]]
[2023.07.24-00.53.14:074][  0]LogConfig: Setting CVar [[r.SSS.Scale:1]]
[2023.07.24-00.53.14:074][  0]LogConfig: Setting CVar [[r.SSS.SampleSet:2]]
[2023.07.24-00.53.14:074][  0]LogConfig: Setting CVar [[r.SSS.Quality:1]]
[2023.07.24-00.53.14:074][  0]LogConfig: Setting CVar [[r.SSS.HalfRes:0]]
[2023.07.24-00.53.14:074][  0]LogConfig: Setting CVar [[r.SSGI.Quality:3]]
[2023.07.24-00.53.14:074][  0]LogConfig: Setting CVar [[r.EmitterSpawnRateScale:1.0]]
[2023.07.24-00.53.14:074][  0]LogConfig: Setting CVar [[r.ParticleLightQuality:2]]
[2023.07.24-00.53.14:074][  0]LogConfig: Setting CVar [[r.SkyAtmosphere.AerialPerspectiveLUT.FastApplyOnOpaque:1 ; Always have FastSkyLUT 1 in this case to avoid wrong sky]]
[2023.07.24-00.53.14:074][  0]LogConfig: Setting CVar [[r.SkyAtmosphere.AerialPerspectiveLUT.SampleCountMaxPerSlice:4]]
[2023.07.24-00.53.14:074][  0]LogConfig: Setting CVar [[r.SkyAtmosphere.AerialPerspectiveLUT.DepthResolution:16.0]]
[2023.07.24-00.53.14:074][  0]LogConfig: Setting CVar [[r.SkyAtmosphere.FastSkyLUT:1]]
[2023.07.24-00.53.14:074][  0]LogConfig: Setting CVar [[r.SkyAtmosphere.FastSkyLUT.SampleCountMin:4.0]]
[2023.07.24-00.53.14:074][  0]LogConfig: Setting CVar [[r.SkyAtmosphere.FastSkyLUT.SampleCountMax:128.0]]
[2023.07.24-00.53.14:074][  0]LogConfig: Setting CVar [[r.SkyAtmosphere.SampleCountMin:4.0]]
[2023.07.24-00.53.14:074][  0]LogConfig: Setting CVar [[r.SkyAtmosphere.SampleCountMax:128.0]]
[2023.07.24-00.53.14:074][  0]LogConfig: Setting CVar [[r.SkyAtmosphere.TransmittanceLUT.UseSmallFormat:0]]
[2023.07.24-00.53.14:074][  0]LogConfig: Setting CVar [[r.SkyAtmosphere.TransmittanceLUT.SampleCount:10.0]]
[2023.07.24-00.53.14:074][  0]LogConfig: Setting CVar [[r.SkyAtmosphere.MultiScatteringLUT.SampleCount:15.0]]
[2023.07.24-00.53.14:074][  0]LogConfig: Setting CVar [[r.SkyLight.RealTimeReflectionCapture:1]]
[2023.07.24-00.53.14:074][  0]LogConfig: Applying CVar settings from Section [FoliageQuality@3] File [C:/Users/s213634/Desktop/GitHub/GameJam2023/GameJam2023/Saved/Config/Windows/Scalability.ini]
[2023.07.24-00.53.14:074][  0]LogConfig: Setting CVar [[foliage.DensityScale:1.0]]
[2023.07.24-00.53.14:074][  0]LogConfig: Setting CVar [[grass.DensityScale:1.0]]
[2023.07.24-00.53.14:074][  0]LogConfig: Applying CVar settings from Section [ShadingQuality@3] File [C:/Users/s213634/Desktop/GitHub/GameJam2023/GameJam2023/Saved/Config/Windows/Scalability.ini]
[2023.07.24-00.53.14:074][  0]LogConfig: Setting CVar [[r.HairStrands.SkyLighting.IntegrationType:2]]
[2023.07.24-00.53.14:074][  0]LogConfig: Setting CVar [[r.HairStrands.SkyAO.SampleCount:4]]
[2023.07.24-00.53.14:074][  0]LogConfig: Setting CVar [[r.HairStrands.Visibility.MSAA.SamplePerPixel:4]]
[2023.07.24-00.53.14:074][  0]LogInit: Selected Device Profile: [Windows]
[2023.07.24-00.53.14:074][  0]LogInit: Applying CVar settings loaded from the selected device profile: [Windows]
[2023.07.24-00.53.14:074][  0]LogHAL: Display: Platform has ~ 32 GB [34160156672 / 34359738368 / 32], which maps to Largest [LargestMinGB=32, LargerMinGB=12, DefaultMinGB=8, SmallerMinGB=6, SmallestMinGB=0)
[2023.07.24-00.53.14:074][  0]LogInit: Going up to parent DeviceProfile []
[2023.07.24-00.53.14:074][  0]LogConfig: Applying CVar settings from Section [ViewDistanceQuality@3] File [C:/Users/s213634/Desktop/GitHub/GameJam2023/GameJam2023/Saved/Config/Windows/Scalability.ini]
[2023.07.24-00.53.14:074][  0]LogConfig: Setting CVar [[r.SkeletalMeshLODBias:0]]
[2023.07.24-00.53.14:074][  0]LogConfig: Setting CVar [[r.ViewDistanceScale:1.0]]
[2023.07.24-00.53.14:074][  0]LogConfig: Applying CVar settings from Section [AntiAliasingQuality@3] File [C:/Users/s213634/Desktop/GitHub/GameJam2023/GameJam2023/Saved/Config/Windows/Scalability.ini]
[2023.07.24-00.53.14:075][  0]LogConfig: Setting CVar [[r.PostProcessAAQuality:4]]
[2023.07.24-00.53.14:075][  0]LogConfig: Applying CVar settings from Section [ShadowQuality@3] File [C:/Users/s213634/Desktop/GitHub/GameJam2023/GameJam2023/Saved/Config/Windows/Scalability.ini]
[2023.07.24-00.53.14:075][  0]LogConfig: Setting CVar [[r.LightFunctionQuality:1]]
[2023.07.24-00.53.14:075][  0]LogConfig: Setting CVar [[r.ShadowQuality:5]]
[2023.07.24-00.53.14:075][  0]LogConfig: Setting CVar [[r.Shadow.CSM.MaxCascades:10]]
[2023.07.24-00.53.14:075][  0]LogConfig: Setting CVar [[r.Shadow.MaxResolution:2048]]
[2023.07.24-00.53.14:075][  0]LogConfig: Setting CVar [[r.Shadow.MaxCSMResolution:2048]]
[2023.07.24-00.53.14:075][  0]LogConfig: Setting CVar [[r.Shadow.RadiusThreshold:0.01]]
[2023.07.24-00.53.14:075][  0]LogConfig: Setting CVar [[r.Shadow.DistanceScale:1.0]]
[2023.07.24-00.53.14:075][  0]LogConfig: Setting CVar [[r.Shadow.CSM.TransitionScale:1.0]]
[2023.07.24-00.53.14:075][  0]LogConfig: Setting CVar [[r.Shadow.PreShadowResolutionFactor:1.0]]
[2023.07.24-00.53.14:075][  0]LogConfig: Setting CVar [[r.DistanceFieldShadowing:1]]
[2023.07.24-00.53.14:075][  0]LogConfig: Setting CVar [[r.DistanceFieldAO:1]]
[2023.07.24-00.53.14:075][  0]LogConfig: Setting CVar [[r.AOQuality:2]]
[2023.07.24-00.53.14:075][  0]LogConfig: Setting CVar [[r.VolumetricFog:1]]
[2023.07.24-00.53.14:075][  0]LogConfig: Setting CVar [[r.VolumetricFog.GridPixelSize:8]]
[2023.07.24-00.53.14:075][  0]LogConfig: Setting CVar [[r.VolumetricFog.GridSizeZ:128]]
[2023.07.24-00.53.14:075][  0]LogConfig: Setting CVar [[r.VolumetricFog.HistoryMissSupersampleCount:4]]
[2023.07.24-00.53.14:075][  0]LogConfig: Setting CVar [[r.LightMaxDrawDistanceScale:1]]
[2023.07.24-00.53.14:075][  0]LogConfig: Setting CVar [[r.CapsuleShadows:1]]
[2023.07.24-00.53.14:075][  0]LogConfig: Applying CVar settings from Section [PostProcessQuality@3] File [C:/Users/s213634/Desktop/GitHub/GameJam2023/GameJam2023/Saved/Config/Windows/Scalability.ini]
[2023.07.24-00.53.14:075][  0]LogConfig: Setting CVar [[r.MotionBlurQuality:4]]
[2023.07.24-00.53.14:075][  0]LogConfig: Setting CVar [[r.AmbientOcclusionMipLevelFactor:0.4]]
[2023.07.24-00.53.14:075][  0]LogConfig: Setting CVar [[r.AmbientOcclusionMaxQuality:100]]
[2023.07.24-00.53.14:075][  0]LogConfig: Setting CVar [[r.AmbientOcclusionLevels:-1]]
[2023.07.24-00.53.14:075][  0]LogConfig: Setting CVar [[r.AmbientOcclusionRadiusScale:1.0]]
[2023.07.24-00.53.14:075][  0]LogConfig: Setting CVar [[r.DepthOfFieldQuality:2]]
[2023.07.24-00.53.14:075][  0]LogConfig: Setting CVar [[r.RenderTargetPoolMin:400]]
[2023.07.24-00.53.14:075][  0]LogConfig: Setting CVar [[r.LensFlareQuality:2]]
[2023.07.24-00.53.14:075][  0]LogConfig: Setting CVar [[r.SceneColorFringeQuality:1]]
[2023.07.24-00.53.14:075][  0]LogConfig: Setting CVar [[r.EyeAdaptationQuality:2]]
[2023.07.24-00.53.14:075][  0]LogConfig: Setting CVar [[r.BloomQuality:5]]
[2023.07.24-00.53.14:075][  0]LogConfig: Setting CVar [[r.FastBlurThreshold:100]]
[2023.07.24-00.53.14:075][  0]LogConfig: Setting CVar [[r.Upscale.Quality:3]]
[2023.07.24-00.53.14:075][  0]LogConfig: Setting CVar [[r.Tonemapper.GrainQuantization:1]]
[2023.07.24-00.53.14:075][  0]LogConfig: Setting CVar [[r.LightShaftQuality:1]]
[2023.07.24-00.53.14:075][  0]LogConfig: Setting CVar [[r.Filter.SizeScale:1]]
[2023.07.24-00.53.14:075][  0]LogConfig: Setting CVar [[r.Tonemapper.Quality:5]]
[2023.07.24-00.53.14:075][  0]LogConfig: Setting CVar [[r.DOF.Gather.AccumulatorQuality:1        ; higher gathering accumulator quality]]
[2023.07.24-00.53.14:075][  0]LogConfig: Setting CVar [[r.DOF.Gather.PostfilterMethod:1          ; Median3x3 postfilering method]]
[2023.07.24-00.53.14:075][  0]LogConfig: Setting CVar [[r.DOF.Gather.EnableBokehSettings:0       ; no bokeh simulation when gathering]]
[2023.07.24-00.53.14:075][  0]LogConfig: Setting CVar [[r.DOF.Gather.RingCount:4                 ; medium number of samples when gathering]]
[2023.07.24-00.53.14:075][  0]LogConfig: Setting CVar [[r.DOF.Scatter.ForegroundCompositing:1    ; additive foreground scattering]]
[2023.07.24-00.53.14:075][  0]LogConfig: Setting CVar [[r.DOF.Scatter.BackgroundCompositing:2    ; additive background scattering]]
[2023.07.24-00.53.14:075][  0]LogConfig: Setting CVar [[r.DOF.Scatter.EnableBokehSettings:1      ; bokeh simulation when scattering]]
[2023.07.24-00.53.14:075][  0]LogConfig: Setting CVar [[r.DOF.Scatter.MaxSpriteRatio:0.1         ; only a maximum of 10% of scattered bokeh]]
[2023.07.24-00.53.14:075][  0]LogConfig: Setting CVar [[r.DOF.Recombine.Quality:1                ; cheap slight out of focus]]
[2023.07.24-00.53.14:075][  0]LogConfig: Setting CVar [[r.DOF.Recombine.EnableBokehSettings:0    ; no bokeh simulation on slight out of focus]]
[2023.07.24-00.53.14:075][  0]LogConfig: Setting CVar [[r.DOF.TemporalAAQuality:1                ; more stable temporal accumulation]]
[2023.07.24-00.53.14:075][  0]LogConfig: Setting CVar [[r.DOF.Kernel.MaxForegroundRadius:0.025]]
[2023.07.24-00.53.14:075][  0]LogConfig: Setting CVar [[r.DOF.Kernel.MaxBackgroundRadius:0.025]]
[2023.07.24-00.53.14:075][  0]LogConfig: Applying CVar settings from Section [TextureQuality@3] File [C:/Users/s213634/Desktop/GitHub/GameJam2023/GameJam2023/Saved/Config/Windows/Scalability.ini]
[2023.07.24-00.53.14:075][  0]LogConfig: Setting CVar [[r.Streaming.MipBias:0]]
[2023.07.24-00.53.14:075][  0]LogConfig: Setting CVar [[r.Streaming.AmortizeCPUToGPUCopy:0]]
[2023.07.24-00.53.14:075][  0]LogConfig: Setting CVar [[r.Streaming.MaxNumTexturesToStreamPerFrame:0]]
[2023.07.24-00.53.14:075][  0]LogConfig: Setting CVar [[r.Streaming.Boost:1]]
[2023.07.24-00.53.14:075][  0]LogConfig: Setting CVar [[r.MaxAnisotropy:8]]
[2023.07.24-00.53.14:075][  0]LogConfig: Setting CVar [[r.VT.MaxAnisotropy:8]]
[2023.07.24-00.53.14:075][  0]LogConfig: Setting CVar [[r.Streaming.LimitPoolSizeToVRAM:0]]
[2023.07.24-00.53.14:075][  0]LogConfig: Setting CVar [[r.Streaming.PoolSize:1000]]
[2023.07.24-00.53.14:075][  0]LogConfig: Setting CVar [[r.Streaming.MaxEffectiveScreenSize:0]]
[2023.07.24-00.53.14:075][  0]LogConfig: Applying CVar settings from Section [EffectsQuality@3] File [C:/Users/s213634/Desktop/GitHub/GameJam2023/GameJam2023/Saved/Config/Windows/Scalability.ini]
[2023.07.24-00.53.14:075][  0]LogConfig: Setting CVar [[r.TranslucencyLightingVolumeDim:64]]
[2023.07.24-00.53.14:075][  0]LogConfig: Setting CVar [[r.RefractionQuality:2]]
[2023.07.24-00.53.14:075][  0]LogConfig: Setting CVar [[r.SSR.Quality:3]]
[2023.07.24-00.53.14:075][  0]LogConfig: Setting CVar [[r.SSR.HalfResSceneColor:0]]
[2023.07.24-00.53.14:075][  0]LogConfig: Setting CVar [[r.SceneColorFormat:4]]
[2023.07.24-00.53.14:075][  0]LogConfig: Setting CVar [[r.DetailMode:2]]
[2023.07.24-00.53.14:075][  0]LogConfig: Setting CVar [[r.TranslucencyVolumeBlur:1]]
[2023.07.24-00.53.14:075][  0]LogConfig: Setting CVar [[r.MaterialQualityLevel:1 ; High quality]]
[2023.07.24-00.53.14:075][  0]LogConfig: Setting CVar [[r.AnisotropicMaterials:1]]
[2023.07.24-00.53.14:075][  0]LogConfig: Setting CVar [[r.SSS.Scale:1]]
[2023.07.24-00.53.14:075][  0]LogConfig: Setting CVar [[r.SSS.SampleSet:2]]
[2023.07.24-00.53.14:075][  0]LogConfig: Setting CVar [[r.SSS.Quality:1]]
[2023.07.24-00.53.14:075][  0]LogConfig: Setting CVar [[r.SSS.HalfRes:0]]
[2023.07.24-00.53.14:075][  0]LogConfig: Setting CVar [[r.SSGI.Quality:3]]
[2023.07.24-00.53.14:075][  0]LogConfig: Setting CVar [[r.EmitterSpawnRateScale:1.0]]
[2023.07.24-00.53.14:075][  0]LogConfig: Setting CVar [[r.ParticleLightQuality:2]]
[2023.07.24-00.53.14:075][  0]LogConfig: Setting CVar [[r.SkyAtmosphere.AerialPerspectiveLUT.FastApplyOnOpaque:1 ; Always have FastSkyLUT 1 in this case to avoid wrong sky]]
[2023.07.24-00.53.14:075][  0]LogConfig: Setting CVar [[r.SkyAtmosphere.AerialPerspectiveLUT.SampleCountMaxPerSlice:4]]
[2023.07.24-00.53.14:075][  0]LogConfig: Setting CVar [[r.SkyAtmosphere.AerialPerspectiveLUT.DepthResolution:16.0]]
[2023.07.24-00.53.14:075][  0]LogConfig: Setting CVar [[r.SkyAtmosphere.FastSkyLUT:1]]
[2023.07.24-00.53.14:075][  0]LogConfig: Setting CVar [[r.SkyAtmosphere.FastSkyLUT.SampleCountMin:4.0]]
[2023.07.24-00.53.14:075][  0]LogConfig: Setting CVar [[r.SkyAtmosphere.FastSkyLUT.SampleCountMax:128.0]]
[2023.07.24-00.53.14:075][  0]LogConfig: Setting CVar [[r.SkyAtmosphere.SampleCountMin:4.0]]
[2023.07.24-00.53.14:075][  0]LogConfig: Setting CVar [[r.SkyAtmosphere.SampleCountMax:128.0]]
[2023.07.24-00.53.14:075][  0]LogConfig: Setting CVar [[r.SkyAtmosphere.TransmittanceLUT.UseSmallFormat:0]]
[2023.07.24-00.53.14:075][  0]LogConfig: Setting CVar [[r.SkyAtmosphere.TransmittanceLUT.SampleCount:10.0]]
[2023.07.24-00.53.14:075][  0]LogConfig: Setting CVar [[r.SkyAtmosphere.MultiScatteringLUT.SampleCount:15.0]]
[2023.07.24-00.53.14:075][  0]LogConfig: Setting CVar [[r.SkyLight.RealTimeReflectionCapture:1]]
[2023.07.24-00.53.14:075][  0]LogConfig: Applying CVar settings from Section [FoliageQuality@3] File [C:/Users/s213634/Desktop/GitHub/GameJam2023/GameJam2023/Saved/Config/Windows/Scalability.ini]
[2023.07.24-00.53.14:075][  0]LogConfig: Setting CVar [[foliage.DensityScale:1.0]]
[2023.07.24-00.53.14:075][  0]LogConfig: Setting CVar [[grass.DensityScale:1.0]]
[2023.07.24-00.53.14:075][  0]LogConfig: Applying CVar settings from Section [ShadingQuality@3] File [C:/Users/s213634/Desktop/GitHub/GameJam2023/GameJam2023/Saved/Config/Windows/Scalability.ini]
[2023.07.24-00.53.14:075][  0]LogConfig: Setting CVar [[r.HairStrands.SkyLighting.IntegrationType:2]]
[2023.07.24-00.53.14:075][  0]LogConfig: Setting CVar [[r.HairStrands.SkyAO.SampleCount:4]]
[2023.07.24-00.53.14:075][  0]LogConfig: Setting CVar [[r.HairStrands.Visibility.MSAA.SamplePerPixel:4]]
[2023.07.24-00.53.14:075][  0]LogConfig: Applying CVar settings from Section [Startup] File [../../../Engine/Config/ConsoleVariables.ini]
[2023.07.24-00.53.14:075][  0]LogConfig: Setting CVar [[net.UseAdaptiveNetUpdateFrequency:0]]
[2023.07.24-00.53.14:075][  0]LogConfig: Setting CVar [[p.chaos.AllowCreatePhysxBodies:1]]
[2023.07.24-00.53.14:075][  0]LogConfig: Setting CVar [[fx.SkipVectorVMBackendOptimizations:1]]
[2023.07.24-00.53.14:075][  0]LogConfig: Applying CVar settings from Section [ConsoleVariables] File [C:/Users/s213634/Desktop/GitHub/GameJam2023/GameJam2023/Saved/Config/Windows/Engine.ini]
[2023.07.24-00.53.14:075][  0]LogConfig: Applying CVar settings from Section [ConsoleVariables] File [C:/Users/s213634/Desktop/GitHub/GameJam2023/GameJam2023/Saved/Config/Windows/Editor.ini]
[2023.07.24-00.53.14:075][  0]LogInit: Computer: SYD-2B6A0E
[2023.07.24-00.53.14:075][  0]LogInit: User: s213634
[2023.07.24-00.53.14:075][  0]LogInit: CPU Page size=4096, Cores=12
[2023.07.24-00.53.14:075][  0]LogInit: High frequency timer resolution =10.000000 MHz
[2023.07.24-00.53.14:075][  0]LogMemory: Memory total: Physical=31.8GB (32GB approx)
[2023.07.24-00.53.14:075][  0]LogMemory: Platform Memory Stats for Windows
[2023.07.24-00.53.14:075][  0]LogMemory: Process Physical Memory: 148.71 MB used, 148.71 MB peak
[2023.07.24-00.53.14:075][  0]LogMemory: Process Virtual Memory: 130.65 MB used, 130.65 MB peak
[2023.07.24-00.53.14:075][  0]LogMemory: Physical Memory: 8466.10 MB used,  24111.57 MB free, 32577.66 MB total
[2023.07.24-00.53.14:075][  0]LogMemory: Virtual Memory: 134189776.00 MB used,  27951.94 MB free, 134217728.00 MB total
[2023.07.24-00.53.14:078][  0]LogWindows: WindowsPlatformFeatures enabled
[2023.07.24-00.53.14:099][  0]LogInit: Physics initialised using underlying interface: PhysX
[2023.07.24-00.53.14:099][  0]LogInit: Using OS detected language (en-US).
[2023.07.24-00.53.14:099][  0]LogInit: Using OS detected locale (en-AU).
[2023.07.24-00.53.14:100][  0]LogTextLocalizationManager: No specific localization for 'en-US' exists, so the 'en' localization will be used.
[2023.07.24-00.53.14:211][  0]LogInit: Setting process to per monitor DPI aware
[2023.07.24-00.53.14:218][  0]LogWindowsTextInputMethodSystem: Display: IME system deactivated.
[2023.07.24-00.53.14:227][  0]LogSlate: New Slate User Created.  User Index 0, Is Virtual User: 0
[2023.07.24-00.53.14:227][  0]LogSlate: Slate User Registered.  User Index 0, Is Virtual User: 0
[2023.07.24-00.53.14:283][  0]LogD3D11RHI: Loaded GFSDK_Aftermath_Lib.x64.dll
[2023.07.24-00.53.14:285][  0]LogHMD: Failed to initialize OpenVR with code 110
[2023.07.24-00.53.14:285][  0]LogD3D11RHI: D3D11 min allowed feature level: 11_0
[2023.07.24-00.53.14:285][  0]LogD3D11RHI: D3D11 max allowed feature level: 11_0
[2023.07.24-00.53.14:285][  0]LogD3D11RHI: D3D11 adapters:
[2023.07.24-00.53.14:384][  0]LogD3D11RHI:    0. 'NVIDIA GeForce RTX 3060 Ti' (Feature Level 11_0)
[2023.07.24-00.53.14:384][  0]LogD3D11RHI:       8038/0/16288 MB DedicatedVideo/DedicatedSystem/SharedSystem, Outputs:2, VendorId:0x10de
[2023.07.24-00.53.14:385][  0]LogD3D11RHI:    1. 'Microsoft Basic Render Driver' (Feature Level 11_0)
[2023.07.24-00.53.14:385][  0]LogD3D11RHI:       0/0/16288 MB DedicatedVideo/DedicatedSystem/SharedSystem, Outputs:0, VendorId:0x1414
[2023.07.24-00.53.14:385][  0]LogD3D11RHI: Chosen D3D11 Adapter:
[2023.07.24-00.53.14:385][  0]LogD3D11RHI:     Description : NVIDIA GeForce RTX 3060 Ti
[2023.07.24-00.53.14:385][  0]LogD3D11RHI:     VendorId    : 10de
[2023.07.24-00.53.14:385][  0]LogD3D11RHI:     DeviceId    : 2489
[2023.07.24-00.53.14:385][  0]LogD3D11RHI:     SubSysId    : 88271043
[2023.07.24-00.53.14:385][  0]LogD3D11RHI:     Revision    : 00a1
[2023.07.24-00.53.14:385][  0]LogD3D11RHI:     DedicatedVideoMemory : 8428453888 bytes
[2023.07.24-00.53.14:385][  0]LogD3D11RHI:     DedicatedSystemMemory : 0 bytes
[2023.07.24-00.53.14:385][  0]LogD3D11RHI:     SharedSystemMemory : 17080078336 bytes
[2023.07.24-00.53.14:385][  0]LogD3D11RHI:     AdapterLuid : 0 45184
[2023.07.24-00.53.14:389][  0]LogD3D11RHI: Creating new Direct3DDevice
[2023.07.24-00.53.14:389][  0]LogD3D11RHI:     GPU DeviceId: 0x2489 (for the marketing name, search the web for "GPU Device Id")
[2023.07.24-00.53.14:389][  0]LogWindows: EnumDisplayDevices:
[2023.07.24-00.53.14:389][  0]LogWindows:    0. 'NVIDIA GeForce RTX 3060 Ti' (P:0 D:1)
[2023.07.24-00.53.14:389][  0]LogWindows:    1. 'NVIDIA GeForce RTX 3060 Ti' (P:1 D:1)
[2023.07.24-00.53.14:389][  0]LogWindows:    2. 'NVIDIA GeForce RTX 3060 Ti' (P:0 D:0)
[2023.07.24-00.53.14:389][  0]LogWindows:    3. 'NVIDIA GeForce RTX 3060 Ti' (P:0 D:0)
[2023.07.24-00.53.14:389][  0]LogWindows: DebugString: FoundDriverCount:4 
[2023.07.24-00.53.14:389][  0]LogD3D11RHI:     Adapter Name: NVIDIA GeForce RTX 3060 Ti
[2023.07.24-00.53.14:389][  0]LogD3D11RHI:   Driver Version: 531.79 (internal:31.0.15.3179, unified:531.79)
[2023.07.24-00.53.14:389][  0]LogD3D11RHI:      Driver Date: 4-25-2023
[2023.07.24-00.53.14:389][  0]LogRHI: Texture pool is 5626 MB (70% of 8038 MB)
[2023.07.24-00.53.14:389][  0]LogD3D11RHI: Creating D3DDevice using adapter:
[2023.07.24-00.53.14:389][  0]LogD3D11RHI:     Description : NVIDIA GeForce RTX 3060 Ti
[2023.07.24-00.53.14:389][  0]LogD3D11RHI:     VendorId    : 10de
[2023.07.24-00.53.14:389][  0]LogD3D11RHI:     DeviceId    : 2489
[2023.07.24-00.53.14:389][  0]LogD3D11RHI:     SubSysId    : 88271043
[2023.07.24-00.53.14:389][  0]LogD3D11RHI:     Revision    : 00a1
[2023.07.24-00.53.14:389][  0]LogD3D11RHI:     DedicatedVideoMemory : 8428453888 bytes
[2023.07.24-00.53.14:389][  0]LogD3D11RHI:     DedicatedSystemMemory : 0 bytes
[2023.07.24-00.53.14:389][  0]LogD3D11RHI:     SharedSystemMemory : 17080078336 bytes
[2023.07.24-00.53.14:389][  0]LogD3D11RHI:     AdapterLuid : 0 45184
[2023.07.24-00.53.14:451][  0]LogD3D11RHI: RHI has support for 64 bit atomics
[2023.07.24-00.53.14:451][  0]LogD3D11RHI: Async texture creation enabled
[2023.07.24-00.53.14:451][  0]LogD3D11RHI: Array index from any shader is supported
[2023.07.24-00.53.14:468][  0]LogD3D11RHI: GPU Timing Frequency: 1000.000000 (Debug: 2 2)
[2023.07.24-00.53.14:480][  0]LogRHI: GeForceNow SDK initialized: 1
[2023.07.24-00.53.14:664][  0]LogTargetPlatformManager: Display: Loaded TargetPlatform 'AllDesktop'
[2023.07.24-00.53.14:676][  0]LogTargetPlatformManager: Display: Loaded TargetPlatform 'Android'
[2023.07.24-00.53.14:676][  0]LogTargetPlatformManager: Display: Loaded TargetPlatform 'Android_ASTC'
[2023.07.24-00.53.14:676][  0]LogTargetPlatformManager: Display: Loaded TargetPlatform 'Android_DXT'
[2023.07.24-00.53.14:676][  0]LogTargetPlatformManager: Display: Loaded TargetPlatform 'Android_ETC2'
[2023.07.24-00.53.14:676][  0]LogTargetPlatformManager: Display: Loaded TargetPlatform 'AndroidClient'
[2023.07.24-00.53.14:676][  0]LogTargetPlatformManager: Display: Loaded TargetPlatform 'Android_ASTCClient'
[2023.07.24-00.53.14:676][  0]LogTargetPlatformManager: Display: Loaded TargetPlatform 'Android_DXTClient'
[2023.07.24-00.53.14:676][  0]LogTargetPlatformManager: Display: Loaded TargetPlatform 'Android_ETC2Client'
[2023.07.24-00.53.14:676][  0]LogTargetPlatformManager: Display: Loaded TargetPlatform 'Android_Multi'
[2023.07.24-00.53.14:676][  0]LogTargetPlatformManager: Display: Loaded TargetPlatform 'Android_MultiClient'
[2023.07.24-00.53.14:685][  0]LogTargetPlatformManager: Display: Loaded TargetPlatform 'IOSClient'
[2023.07.24-00.53.14:685][  0]LogTargetPlatformManager: Display: Loaded TargetPlatform 'IOS'
[2023.07.24-00.53.14:689][  0]LogTargetPlatformManager: Display: Loaded TargetPlatform 'Linux'
[2023.07.24-00.53.14:691][  0]LogTargetPlatformManager: Display: Loaded TargetPlatform 'LinuxNoEditor'
[2023.07.24-00.53.14:693][  0]LogTargetPlatformManager: Display: Loaded TargetPlatform 'LinuxClient'
[2023.07.24-00.53.14:695][  0]LogTargetPlatformManager: Display: Loaded TargetPlatform 'LinuxServer'
[2023.07.24-00.53.14:700][  0]LogTargetPlatformManager: Display: Loaded TargetPlatform 'LinuxAArch64NoEditor'
[2023.07.24-00.53.14:702][  0]LogTargetPlatformManager: Display: Loaded TargetPlatform 'LinuxAArch64Client'
[2023.07.24-00.53.14:704][  0]LogTargetPlatformManager: Display: Loaded TargetPlatform 'LinuxAArch64Server'
[2023.07.24-00.53.14:716][  0]LogTargetPlatformManager: Display: Loaded TargetPlatform 'Lumin'
[2023.07.24-00.53.14:716][  0]LogTargetPlatformManager: Display: Loaded TargetPlatform 'LuminClient'
[2023.07.24-00.53.14:720][  0]LogTargetPlatformManager: Display: Loaded TargetPlatform 'MacNoEditor'
[2023.07.24-00.53.14:722][  0]LogTargetPlatformManager: Display: Loaded TargetPlatform 'Mac'
[2023.07.24-00.53.14:725][  0]LogTargetPlatformManager: Display: Loaded TargetPlatform 'MacClient'
[2023.07.24-00.53.14:727][  0]LogTargetPlatformManager: Display: Loaded TargetPlatform 'MacServer'
[2023.07.24-00.53.14:732][  0]LogTargetPlatformManager: Display: Loaded TargetPlatform 'TVOSClient'
[2023.07.24-00.53.14:732][  0]LogTargetPlatformManager: Display: Loaded TargetPlatform 'TVOS'
[2023.07.24-00.53.14:736][  0]LogTargetPlatformManager: Display: Loaded TargetPlatform 'WindowsNoEditor'
[2023.07.24-00.53.14:738][  0]LogTargetPlatformManager: Display: Loaded TargetPlatform 'Windows'
[2023.07.24-00.53.14:740][  0]LogTargetPlatformManager: Display: Loaded TargetPlatform 'WindowsClient'
[2023.07.24-00.53.14:742][  0]LogTargetPlatformManager: Display: Loaded TargetPlatform 'WindowsServer'
[2023.07.24-00.53.14:742][  0]LogTargetPlatformManager: Display: Building Assets For Windows
[2023.07.24-00.53.14:746][  0]LogAudioDebug: Display: Lib vorbis DLL was dynamically loaded.
[2023.07.24-00.53.14:761][  0]LogTextureFormatOodle: Display: Oodle Texture 2.9.0 init RDO Off
[2023.07.24-00.53.14:776][  0]LogRendererCore: Ray tracing is disabled. Reason: r.RayTracing=0.
[2023.07.24-00.53.14:776][  0]LogShaderCompilers: Guid format shader working directory is -23 characters bigger than the processId version (../../../../../../Users/s213634/Desktop/GitHub/GameJam2023/GameJam2023/Intermediate/Shaders/WorkingDirectory/16476/).
[2023.07.24-00.53.14:776][  0]LogShaderCompilers: Cleaned the shader compiler working directory 'C:/Users/s213634/AppData/Local/Temp/UnrealShaderWorkingDir/D694F7E24E194F34237C78AFB75AA52D/'.
[2023.07.24-00.53.14:776][  0]LogXGEController: Cannot use XGE Controller as Incredibuild is not installed on this machine.
[2023.07.24-00.53.14:776][  0]LogShaderCompilers: Cannot use XGE Shader Compiler as Incredibuild is not installed on this machine.
[2023.07.24-00.53.14:776][  0]LogShaderCompilers: Display: Using Local Shader Compiler.
[2023.07.24-00.53.15:240][  0]LogDerivedDataCache: Display: Max Cache Size: 512 MB
[2023.07.24-00.53.15:283][  0]LogDerivedDataCache: Loaded boot cache 0.04s 101MB C:/Users/s213634/AppData/Local/UnrealEngine/4.27/DerivedDataCache/Boot.ddc.
[2023.07.24-00.53.15:283][  0]LogDerivedDataCache: Display: Loaded Boot cache: C:/Users/s213634/AppData/Local/UnrealEngine/4.27/DerivedDataCache/Boot.ddc
[2023.07.24-00.53.15:283][  0]LogDerivedDataCache: FDerivedDataBackendGraph:  Pak pak cache file ../../../../../../Users/s213634/Desktop/GitHub/GameJam2023/GameJam2023/DerivedDataCache/DDC.ddp not found, will not use a pak cache.
[2023.07.24-00.53.15:283][  0]LogDerivedDataCache: Unable to find inner node Pak for hierarchical cache Hierarchy.
[2023.07.24-00.53.15:283][  0]LogDerivedDataCache: FDerivedDataBackendGraph:  CompressedPak pak cache file ../../../../../../Users/s213634/Desktop/GitHub/GameJam2023/GameJam2023/DerivedDataCache/Compressed.ddp not found, will not use a pak cache.
[2023.07.24-00.53.15:283][  0]LogDerivedDataCache: Unable to find inner node CompressedPak for hierarchical cache Hierarchy.
[2023.07.24-00.53.15:294][  0]LogDerivedDataCache: Display: Pak cache opened for reading ../../../Engine/DerivedDataCache/Compressed.ddp.
[2023.07.24-00.53.15:294][  0]LogDerivedDataCache: FDerivedDataBackendGraph:  EnterprisePak pak cache file ../../../Enterprise/DerivedDataCache/Compressed.ddp not found, will not use a pak cache.
[2023.07.24-00.53.15:294][  0]LogDerivedDataCache: Unable to find inner node EnterprisePak for hierarchical cache Hierarchy.
[2023.07.24-00.53.15:299][  0]LogDerivedDataCache: Speed tests for C:/Users/s213634/AppData/Local/UnrealEngine/Common/DerivedDataCache took 0.00 seconds
[2023.07.24-00.53.15:299][  0]LogDerivedDataCache: Display: Performance to C:/Users/s213634/AppData/Local/UnrealEngine/Common/DerivedDataCache: Latency=0.01ms. RandomReadSpeed=2466.67MBs, RandomWriteSpeed=241.75MBs. Assigned SpeedClass 'Local'
[2023.07.24-00.53.15:302][  0]LogDerivedDataCache: Using Local data cache path C:/Users/s213634/AppData/Local/UnrealEngine/Common/DerivedDataCache: Writable
[2023.07.24-00.53.15:303][  0]LogDerivedDataCache: Shared data cache path not found in *engine.ini, will not use an Shared cache.
[2023.07.24-00.53.15:303][  0]LogDerivedDataCache: Unable to find inner node Shared for hierarchical cache Hierarchy.
[2023.07.24-00.53.15:330][  0]LogSlate: Using FreeType 2.10.0
[2023.07.24-00.53.15:331][  0]LogSlate: SlateFontServices - WITH_FREETYPE: 1, WITH_HARFBUZZ: 1
[2023.07.24-00.53.15:347][  0]LogAssetRegistry: FAssetRegistry took 0.0018 seconds to start up
[2023.07.24-00.53.15:471][  0]LogInit: Selected Device Profile: [Windows]
[2023.07.24-00.53.15:472][  0]LogInit: Active device profile: [00000233A29A4F00][000002339FF5C300 49] Windows
[2023.07.24-00.53.15:472][  0]LogInit: Profiles: [00000233A29A4F00][000002339FF5C300 49] Windows, [00000233A297A400][00000233A2866480 49] WindowsNoEditor, [00000233A29A5F00][00000233A286A600 49] WindowsServer, [00000233A2979600][00000233A2862740 49] WindowsClient, [00000233A29A5000][00000233A286E880 49] IOS, [00000233A297BA00][00000233A28729C0 49] iPadAir, [00000233A29A7300][00000233A2876B00 49] iPadAir2, [00000233A2921300][00000233A2882DC0 49] IPadPro, [00000233A2921400][00000233A287EE00 49] iPadAir3, [00000233A2978B00][00000233A2886F80 49] iPadAir4, [00000233A2922100][00000233A288B100 49] iPadMini2, [00000233A297B400][00000233A288F280 49] iPadMini3, [00000233A2922C00][00000233A2893400 49] iPadMini4, [00000233A297A700][00000233A2897580 49] iPadMini5, [00000233A2958E00][00000233A38B1840 49] iPhone6, [00000233A2958F00][00000233A289B880 49] iPodTouch6, [00000233A29A6800][00000233A38B9B40 49] iPhone7, [00000233A29A6900][00000233A38B5B80 49] iPodTouch7, [00000233A2920C00][00000233A38BC180 49] iPhone5S, [00000233A29A5300][00000233A38C0300 49] iPhone6Plus, [00000233A2922A00][00000233A38C4480 49] iPhone6S, [00000233A29A6D00][00000233A38C8600 49] iPhone6SPlus, [00000233A2958100][00000233A38CC780 49] iPhone7Plus, [00000233A2921D00][00000233A38D0900 49] iPhoneSE, [00000233A2958C00][00000233A287AA40 49] iPhone8, [00000233A2920400][00000233A38D4B80 49] iPhone8Plus, [00000233A295AA00][00000233A38D8CC0 49] iPhoneX, [00000233A2923C00][00000233A38E0E40 49] iPhoneXS, [00000233A295A900][00000233A38E4FC0 49] iPhoneXSMax, [00000233A2920B00][00000233A38E9140 49] iPhoneXR, [00000233A29A7800][00000233A38ED2C0 49] iPhone11, [00000233A2923D00][00000233A38F1440 49] iPhone11Pro, [00000233A29A5C00][00000233A38F55C0 49] iPhone11ProMax, [00000233A2921100][00000233A38F9740 49] iPhoneSE2, [00000233A29A5200][00000233A38FD8C0 49] iPhone12Mini, [00000233A2923100][00000233A3901A40 49] iPhone12, [00000233A29A4900][00000233A3905BC0 49] iPhone12Pro, [00000233A2920D00][00000233A39081C0 49] iPhone12ProMax, [00000233A29A7C00][00000233A390C340 49] iPadPro105, [00000233A2923700][00000233A39104C0 49] iPadPro129, [00000233A29A7000][00000233A3914640 49] iPadPro97, [00000233A2920F00][00000233A39187C0 49] iPadPro2_129, [00000233A29A4C00][00000233A391C940 49] iPad5, [00000233A2923B00][00000233A3920AC0 49] iPad6, [00000233A29A4400][00000233A38DCC00 49] iPad7, [00000233A2923E00][00000233A3924D40 49] iPad8, [00000233A29A5B00][00000233A3928E80 49] iPadPro11, [00000233A2922400][00000233A392CFC0 49] iPadPro2_11, [00000233A29A4800][00000233A3935140 49] iPadPro3_129, [00000233A2922800][00000233A39392C0 49] iPadPro4_129, [00000233A29A6F00][00000233A393D440 49] AppleTV, [00000233A2921200][00000233A39415C0 49] AppleTV4K, [00000233A29A5700][00000233A3945740 49] TVOS, [00000233A2923600][00000233A39498C0 49] Mac, [00000233A29A7A00][00000233A394DA40 49] MacClient, [00000233A2922500][00000233A3951BC0 49] MacNoEditor, [00000233A29A4500][00000233A39541C0 49] MacServer, [00000233A2922000][00000233A3958340 49] Linux, [00000233A29A7B00][00000233A395C4C0 49] LinuxAArch64, [00000233A2920300][00000233A3960640 49] LinuxNoEditor, [00000233A29A7700][00000233A39647C0 49] LinuxAArch64NoEditor, [00000233A2922600][00000233A3968940 49] LinuxClient, [00000233A29A6600][00000233A396CAC0 49] LinuxAArch64Client, [00000233A2921A00][00000233A3970C40 49] LinuxServer, [00000233A29A4200][00000233A3930D80 49] LinuxAArch64Server, [00000233A2921600][00000233A3974EC0 49] Android, [00000233A29A6100][00000233A3979000 49] Android_Low, [00000233A2923800][00000233A397D140 49] Android_Mid, [00000233A29A4600][00000233A39852C0 49] Android_High, [00000233A2922300][00000233A3989440 49] Android_Default, [00000233A29A6300][00000233A398D5C0 49] Android_Adreno4xx, [00000233A2923000][00000233A3991740 49] Android_Adreno5xx_Low, [00000233A29A6A00][00000233A39958C0 49] Android_Adreno5xx, [00000233A2920100][00000233A3999A40 49] Android_Adreno6xx, [00000233A29A4B00][00000233A399DBC0 49] Android_Adreno6xx_Vulkan, [00000233A2920A00][00000233A39A01C0 49] Android_Mali_T6xx, [00000233A29A4700][00000233A39A4340 49] Android_Mali_T7xx, [00000233A2979A00][00000233A39A84C0 49] Android_Mali_T8xx, [00000233A2958300][00000233A39AC640 49] Android_Mali_G71, [00000233A2978600][00000233A39B07C0 49] Android_Mali_G72, [00000233A2959200][00000233A39B4940 49] Android_Mali_G72_Vulkan, [00000233A297BE00][00000233A39B8AC0 49] Android_Mali_G76, [00000233A2958700][00000233A39BCC40 49] Android_Mali_G76_Vulkan, [00000233A297BD00][00000233A39C0DC0 49] Android_Mali_G77, [00000233A295BB00][00000233A39C4F40 49] Android_Mali_G77_Vulkan, [00000233A2979B00][00000233A3981080 49] Android_Mali_G78, [00000233A295B100][00000233A39C91C0 49] Android_Mali_G78_Vulkan, [00000233A297B900][00000233A39CD300 49] Android_Mali_G710, [00000233A295AC00][00000233A39D5480 49] Android_Mali_G710_Vulkan, [00000233A297B600][00000233A39D9600 49] Android_Vulkan_SM5, [00000233A295B800][00000233A39DD780 49] Android_PowerVR_G6xxx, [00000233A2979900][00000233A39E1900 49] Android_PowerVR_GT7xxx, [00000233A2959D00][00000233A39E5A80 49] Android_PowerVR_GE8xxx, [00000233A297AD00][00000233A39E9C00 49] Android_PowerVR_GM9xxx, [00000233A2958800][00000233A39EC200 49] Android_PowerVR_GM9xxx_Vulkan, [00000233A2979C00][00000233A39F0380 49] Android_TegraK1, [00000233A2959000][00000233A39F4500 49] Android_Unknown_Vulkan, [00000233A297A300][00000233A39F8680 49] Lumin, [00000233A295BE00][00000233A39FC800 49] Lumin_Desktop, [00000233A297AB00][00000233A3A00980 49] HoloLens, 
[2023.07.24-00.53.15:541][  0]LogMeshReduction: Using QuadricMeshReduction for automatic static mesh reduction
[2023.07.24-00.53.15:541][  0]LogMeshReduction: Using SimplygonMeshReduction for automatic skeletal mesh reduction
[2023.07.24-00.53.15:541][  0]LogMeshReduction: Using ProxyLODMeshReduction for automatic mesh merging
[2023.07.24-00.53.15:541][  0]LogMeshReduction: No distributed automatic mesh merging module available
[2023.07.24-00.53.15:541][  0]LogMeshMerging: No distributed automatic mesh merging module available
[2023.07.24-00.53.15:551][  0]LogNetVersion: GameJam2023 1.0.0, NetCL: 17155196, EngineNetVer: 17, GameNetVer: 0 (Checksum: 2685925607)
[2023.07.24-00.53.15:769][  0]LogTexture: Default maximum texture size for cubemaps generated from long-lat sources has been changed from 512 to unlimited. In order to preserve old behaiour for '/Engine/MapTemplates/Sky/DaylightAmbientCubemap.DaylightAmbientCubemap', its maximum texture size has been explicitly set to 512.
[2023.07.24-00.53.15:807][  0]LogHMD: PokeAHoleMaterial loaded successfully
[2023.07.24-00.53.15:811][  0]LogUObjectArray: 17178 objects as part of root set at end of initial load.
[2023.07.24-00.53.15:811][  0]LogUObjectAllocator: 4302048 out of 0 bytes used by permanent object pool.
[2023.07.24-00.53.15:811][  0]LogUObjectArray: CloseDisregardForGC: 0/0 objects in disregard for GC pool
[2023.07.24-00.53.15:943][  0]LogNiagaraDebuggerClient: Niagara Debugger Client Initialized | Session: CF4500EA43DCBFEBE53790874F83BFA1 | Instance: 3E4D88884672FDF068184785FEA28394 (SYD-2B6A0E-16476).
[2023.07.24-00.53.15:963][  0]LogPython: Using Python 3.7.7
[2023.07.24-00.53.16:290][  0]LogTcpMessaging: Initializing TcpMessaging bridge
[2023.07.24-00.53.16:293][  0]LogUdpMessaging: Initializing bridge on interface 0.0.0.0:0 to multicast group 230.0.0.1:6666.
[2023.07.24-00.53.16:395][  0]SourceControl: Source control is disabled
[2023.07.24-00.53.16:395][  0]SourceControl: Source control is disabled
[2023.07.24-00.53.16:397][  0]SourceControl: Source control is disabled
[2023.07.24-00.53.16:398][  0]SourceControl: Source control is disabled
[2023.07.24-00.53.16:416][  0]SourceControl: Source control is disabled
[2023.07.24-00.53.16:465][  0]LogUProjectInfo: Found projects:
[2023.07.24-00.53.16:479][  0]LogOpenImageDenoise: OIDN starting up
[2023.07.24-00.53.16:502][  0]LogAndroidPermission: UAndroidPermissionCallbackProxy::GetInstance
[2023.07.24-00.53.16:514][  0]LogAudioCaptureCore: Display: No Audio Capture implementations found. Audio input will be silent.
[2023.07.24-00.53.16:514][  0]LogAudioCaptureCore: Display: No Audio Capture implementations found. Audio input will be silent.
[2023.07.24-00.53.16:584][  0]LogCollectionManager: Loaded 0 collections in 0.001418 seconds
[2023.07.24-00.53.16:597][  0]LogFileCache: Scanning file cache for directory 'C:/Users/s213634/Desktop/GitHub/GameJam2023/GameJam2023/Saved/Collections/' took 0.00s
[2023.07.24-00.53.16:597][  0]LogFileCache: Scanning file cache for directory 'C:/Users/s213634/Desktop/GitHub/GameJam2023/GameJam2023/Content/Developers/s213634/Collections/' took 0.00s
[2023.07.24-00.53.16:597][  0]LogFileCache: Scanning file cache for directory 'C:/Users/s213634/Desktop/GitHub/GameJam2023/GameJam2023/Content/Collections/' took 0.00s
[2023.07.24-00.53.16:597][  0]LogOcInput: OculusInput pre-init called
[2023.07.24-00.53.16:740][  0]LogEngine: Initializing Engine...
[2023.07.24-00.53.16:741][  0]LogHMD: Failed to enumerate extensions. Please check that you have a valid OpenXR runtime installed.
[2023.07.24-00.53.16:741][  0]LogHMD: Failed to initialize OpenVR with code 110
[2023.07.24-00.53.16:741][  0]LogMagicLeap: Warning: VR disabled because ZI is not enabled.  To enable, in the editor, Edit -> Project Settings -> Plugins -> Magic Leap Plugin -> Enable Zero Iteration
[2023.07.24-00.53.16:742][  0]LogStats: UGameplayTagsManager::InitializeManager -  0.000 s
[2023.07.24-00.53.16:812][  0]LogInit: Initializing FReadOnlyCVARCache
[2023.07.24-00.53.16:818][  0]LogAIModule: Creating AISystem for world Untitled
[2023.07.24-00.53.16:824][  0]LogAudio: Display: Initializing Audio Device Manager...
[2023.07.24-00.53.16:824][  0]LogAudio: Display: Loading Default Audio Settings Objects...
[2023.07.24-00.53.16:825][  0]LogAudio: Display: No default SoundConcurrencyObject specified (or failed to load).
[2023.07.24-00.53.16:825][  0]LogAudio: Display: Audio Device Manager Initialized
[2023.07.24-00.53.16:825][  0]LogAudio: Display: Creating Audio Device:                 Id: 1, Scope: Shared, Realtime: True
[2023.07.24-00.53.16:825][  0]LogAudioMixer: Display: Audio Mixer Platform Settings:
[2023.07.24-00.53.16:825][  0]LogAudioMixer: Display: 	Sample Rate:						  48000
[2023.07.24-00.53.16:825][  0]LogAudioMixer: Display: 	Callback Buffer Frame Size Requested: 1024
[2023.07.24-00.53.16:825][  0]LogAudioMixer: Display: 	Callback Buffer Frame Size To Use:	  1024
[2023.07.24-00.53.16:825][  0]LogAudioMixer: Display: 	Number of buffers to queue:			  2
[2023.07.24-00.53.16:825][  0]LogAudioMixer: Display: 	Max Channels (voices):				  32
[2023.07.24-00.53.16:825][  0]LogAudioMixer: Display: 	Number of Async Source Workers:		  0
[2023.07.24-00.53.16:825][  0]LogAudio: Display: AudioDevice MaxSources: 32
[2023.07.24-00.53.16:825][  0]LogAudio: Display: Audio Spatialization Plugin: None (built-in).
[2023.07.24-00.53.16:825][  0]LogAudio: Display: Audio Reverb Plugin: None (built-in).
[2023.07.24-00.53.16:825][  0]LogAudio: Display: Audio Occlusion Plugin: None (built-in).
[2023.07.24-00.53.16:825][  0]LogAudioMixer: Display: Initializing audio mixer.
[2023.07.24-00.53.16:830][  0]LogAudioMixer: Display: 0: FrontLeft
[2023.07.24-00.53.16:830][  0]LogAudioMixer: Display: 1: FrontRight
[2023.07.24-00.53.16:859][  0]LogAudioMixer: Display: Using Audio Device 24G2W1G3- (NVIDIA High Definition Audio)
[2023.07.24-00.53.16:861][  0]LogAudioMixer: Display: Initializing Sound Submixes...
[2023.07.24-00.53.16:862][  0]LogAudioMixer: Display: Creating Master Submix 'MasterSubmixDefault'
[2023.07.24-00.53.16:862][  0]LogAudioMixer: Display: Creating Master Submix 'MasterReverbSubmixDefault'
[2023.07.24-00.53.16:862][  0]LogAudioMixer: Display: Creating Master Submix 'MasterEQSubmixDefault'
[2023.07.24-00.53.16:862][  0]LogAudioMixer: FMixerPlatformXAudio2::StartAudioStream() called
[2023.07.24-00.53.16:862][  0]LogAudioMixer: Display: Output buffers initialized: Frames=1024, Channels=2, Samples=2048
[2023.07.24-00.53.16:863][  0]LogAudioMixer: Display: Starting AudioMixerPlatformInterface::RunInternal()
[2023.07.24-00.53.16:863][  0]LogAudioMixer: Display: FMixerPlatformXAudio2::SubmitBuffer() called for the first time
[2023.07.24-00.53.16:863][  0]LogInit: FAudioDevice initialized.
[2023.07.24-00.53.16:863][  0]LogAudio: Display: Audio Device (ID: 1) registered with world 'Untitled'.
[2023.07.24-00.53.16:863][  0]LogNetVersion: Set ProjectVersion to 1.0.0.0. Version Checksum will be recalculated on next use.
[2023.07.24-00.53.16:896][  0]LogDerivedDataCache: Saved boot cache 0.03s 99MB C:/Users/s213634/AppData/Local/UnrealEngine/4.27/DerivedDataCache/Boot.ddc.
[2023.07.24-00.53.16:897][  0]LogInit: Texture streaming: Enabled
[2023.07.24-00.53.16:903][  0]LogAnalytics: Display: [UEEditor.Rocket.Release] APIServer = https://datarouter.ol.epicgames.com/. AppVersion = 4.27.2-18319896+++UE4+Release-4.27
[2023.07.24-00.53.16:905][  0]LogEngineSessionManager: EngineSessionManager initialized
[2023.07.24-00.53.16:905][  0]LogEditorSessionSummary: Verbose: Initializing EditorSessionSummaryWriter for editor session tracking
[2023.07.24-00.53.16:906][  0]LogEditorSessionSummary: EditorSessionSummaryWriter initialized
[2023.07.24-00.53.16:919][  0]LogInit: Transaction tracking system initialized
[2023.07.24-00.53.16:930][  0]BlueprintLog: New page: Editor Load
[2023.07.24-00.53.16:958][  0]LocalizationService: Localization service is disabled
[2023.07.24-00.53.16:969][  0]TimingProfiler: Initialize
[2023.07.24-00.53.16:969][  0]TimingProfiler: OnSessionChanged
[2023.07.24-00.53.16:969][  0]LoadingProfiler: Initialize
[2023.07.24-00.53.16:969][  0]LoadingProfiler: OnSessionChanged
[2023.07.24-00.53.16:969][  0]NetworkingProfiler: Initialize
[2023.07.24-00.53.16:969][  0]NetworkingProfiler: OnSessionChanged
[2023.07.24-00.53.16:969][  0]MemoryProfiler: Initialize
[2023.07.24-00.53.16:969][  0]MemoryProfiler: OnSessionChanged
[2023.07.24-00.53.17:039][  0]LogCook: Display: CookSettings for Memory: MemoryMaxUsedVirtual 0MiB, MemoryMaxUsedPhysical 16384MiB, MemoryMinFreeVirtual 0MiB, MemoryMinFreePhysical 1024MiB
[2023.07.24-00.53.17:039][  0]LogCook: Display: Mobile HDR setting 1
[2023.07.24-00.53.17:135][  0]LogFileCache: Scanning file cache for directory 'C:/Users/s213634/Desktop/GitHub/GameJam2023/GameJam2023/Content/' took 0.00s
[2023.07.24-00.53.17:241][  0]LogInit: Display: Engine is initialized. Leaving FEngineLoop::Init()
[2023.07.24-00.53.17:243][  0]SourceControl: Source control is disabled
[2023.07.24-00.53.17:243][  0]LogUnrealEdMisc: Loading editor; pre map load, took 3.716
[2023.07.24-00.53.17:243][  0]Cmd: MAP LOAD FILE="../../../../../../Users/s213634/Desktop/GitHub/GameJam2023/GameJam2023/Content/Main.umap" TEMPLATE=0 SHOWPROGRESS=1 FEATURELEVEL=3
[2023.07.24-00.53.17:243][  0]LightingResults: New page: Lighting Build
[2023.07.24-00.53.17:244][  0]LogWorld: UWorld::CleanupWorld for Untitled, bSessionEnded=true, bCleanupResources=true
[2023.07.24-00.53.17:244][  0]LogSlate: InvalidateAllWidgets triggered.  All widgets were invalidated
[2023.07.24-00.53.17:244][  0]MapCheck: New page: Map Check
[2023.07.24-00.53.17:244][  0]LightingResults: New page: Lighting Build
[2023.07.24-00.53.17:248][  0]LogAudio: Display: Audio Device unregistered from world 'None'.
[2023.07.24-00.53.17:250][  0]LogUObjectHash: Compacting FUObjectHashTables data took   0.50ms
[2023.07.24-00.53.17:287][  0]LogAudio: Display: Audio Device (ID: 1) registered with world 'Main'.
[2023.07.24-00.53.17:287][  0]LogAIModule: Creating AISystem for world Main
[2023.07.24-00.53.17:289][  0]LogEditorServer: Finished looking for orphan Actors (0.000 secs)
[2023.07.24-00.53.17:293][  0]LogUObjectHash: Compacting FUObjectHashTables data took   0.50ms
[2023.07.24-00.53.17:294][  0]Cmd: MAP CHECKDEP NOCLEARLOG
[2023.07.24-00.53.17:294][  0]MapCheck: Map check complete: 0 Error(s), 0 Warning(s), took 0.094ms to complete.
[2023.07.24-00.53.17:294][  0]LogFileHelpers: Loading map 'Main' took 0.050
[2023.07.24-00.53.17:295][  0]LogUnrealEdMisc: Total Editor Startup Time, took 3.768
[2023.07.24-00.53.17:376][  0]LogSlate: Updating window title bar state: overlay mode, drag disabled, window buttons hidden, title bar hidden
[2023.07.24-00.53.17:379][  0]LogSlate: Updating window title bar state: overlay mode, drag disabled, window buttons hidden, title bar hidden
[2023.07.24-00.53.17:383][  0]LogSlate: Updating window title bar state: overlay mode, drag disabled, window buttons hidden, title bar hidden
[2023.07.24-00.53.17:386][  0]LogSlate: Updating window title bar state: overlay mode, drag disabled, window buttons hidden, title bar hidden
[2023.07.24-00.53.17:394][  0]LogNativeClassHierarchy: Verbose: Native class hierarchy populated in 0.0060 seconds. Added 3823 classes and 930 folders.
[2023.07.24-00.53.17:395][  0]LogNativeClassHierarchy: Verbose: Native class hierarchy updated for 'WidgetCarousel' in 0.0001 seconds. Added 0 classes and 0 folders.
[2023.07.24-00.53.17:396][  0]LogPakFile: PakFile PrimaryIndexSize=187
[2023.07.24-00.53.17:396][  0]LogPakFile: PakFile PathHashIndexSize=101
[2023.07.24-00.53.17:396][  0]LogPakFile: PakFile FullDirectoryIndexSize=148
[2023.07.24-00.53.17:396][  0]LogShaderLibrary: Display: ShaderCodeLibraryPakFileMountedCallback: PakFile 'C:/Program Files/Epic Games/UE_4.27/FeaturePacks/FP_FirstPerson.upack' (chunk index -1, root 'root:/') mounted
[2023.07.24-00.53.17:396][  0]LogShaderLibrary: Display: ShaderCodeLibraryPakFileMountedCallback: pending pak file info (ChunkID:-1 Root:root:/ File:C:/Program Files/Epic Games/UE_4.27/FeaturePacks/FP_FirstPerson.upack)
[2023.07.24-00.53.17:396][  0]LogPakFile: OnPakFileMounted2Time == 0.000034
[2023.07.24-00.53.17:396][  0]LogPakFile: PakFile PrimaryIndexSize=189
[2023.07.24-00.53.17:396][  0]LogPakFile: PakFile PathHashIndexSize=101
[2023.07.24-00.53.17:396][  0]LogPakFile: PakFile FullDirectoryIndexSize=152
[2023.07.24-00.53.17:396][  0]LogShaderLibrary: Display: ShaderCodeLibraryPakFileMountedCallback: PakFile 'C:/Program Files/Epic Games/UE_4.27/FeaturePacks/FP_FirstPersonBP.upack' (chunk index -1, root 'root:/') mounted
[2023.07.24-00.53.17:396][  0]LogShaderLibrary: Display: ShaderCodeLibraryPakFileMountedCallback: pending pak file info (ChunkID:-1 Root:root:/ File:C:/Program Files/Epic Games/UE_4.27/FeaturePacks/FP_FirstPersonBP.upack)
[2023.07.24-00.53.17:396][  0]LogPakFile: OnPakFileMounted2Time == 0.000022
[2023.07.24-00.53.17:397][  0]LogPakFile: PakFile PrimaryIndexSize=191
[2023.07.24-00.53.17:397][  0]LogPakFile: PakFile PathHashIndexSize=101
[2023.07.24-00.53.17:397][  0]LogPakFile: PakFile FullDirectoryIndexSize=160
[2023.07.24-00.53.17:397][  0]LogShaderLibrary: Display: ShaderCodeLibraryPakFileMountedCallback: PakFile 'C:/Program Files/Epic Games/UE_4.27/FeaturePacks/MobileStarterContent.upack' (chunk index -1, root 'root:/') mounted
[2023.07.24-00.53.17:397][  0]LogShaderLibrary: Display: ShaderCodeLibraryPakFileMountedCallback: pending pak file info (ChunkID:-1 Root:root:/ File:C:/Program Files/Epic Games/UE_4.27/FeaturePacks/MobileStarterContent.upack)
[2023.07.24-00.53.17:397][  0]LogPakFile: OnPakFileMounted2Time == 0.000021
[2023.07.24-00.53.17:397][  0]LogPakFile: PakFile PrimaryIndexSize=185
[2023.07.24-00.53.17:397][  0]LogPakFile: PakFile PathHashIndexSize=101
[2023.07.24-00.53.17:397][  0]LogPakFile: PakFile FullDirectoryIndexSize=148
[2023.07.24-00.53.17:397][  0]LogShaderLibrary: Display: ShaderCodeLibraryPakFileMountedCallback: PakFile 'C:/Program Files/Epic Games/UE_4.27/FeaturePacks/StarterContent.upack' (chunk index -1, root 'root:/') mounted
[2023.07.24-00.53.17:397][  0]LogShaderLibrary: Display: ShaderCodeLibraryPakFileMountedCallback: pending pak file info (ChunkID:-1 Root:root:/ File:C:/Program Files/Epic Games/UE_4.27/FeaturePacks/StarterContent.upack)
[2023.07.24-00.53.17:397][  0]LogPakFile: OnPakFileMounted2Time == 0.000019
[2023.07.24-00.53.17:397][  0]LogPakFile: PakFile PrimaryIndexSize=190
[2023.07.24-00.53.17:397][  0]LogPakFile: PakFile PathHashIndexSize=101
[2023.07.24-00.53.17:397][  0]LogPakFile: PakFile FullDirectoryIndexSize=154
[2023.07.24-00.53.17:397][  0]LogShaderLibrary: Display: ShaderCodeLibraryPakFileMountedCallback: PakFile 'C:/Program Files/Epic Games/UE_4.27/FeaturePacks/TP_2DSideScroller.upack' (chunk index -1, root 'root:/') mounted
[2023.07.24-00.53.17:397][  0]LogShaderLibrary: Display: ShaderCodeLibraryPakFileMountedCallback: pending pak file info (ChunkID:-1 Root:root:/ File:C:/Program Files/Epic Games/UE_4.27/FeaturePacks/TP_2DSideScroller.upack)
[2023.07.24-00.53.17:397][  0]LogPakFile: OnPakFileMounted2Time == 0.000019
[2023.07.24-00.53.17:397][  0]LogPakFile: PakFile PrimaryIndexSize=192
[2023.07.24-00.53.17:397][  0]LogPakFile: PakFile PathHashIndexSize=101
[2023.07.24-00.53.17:397][  0]LogPakFile: PakFile FullDirectoryIndexSize=158
[2023.07.24-00.53.17:397][  0]LogShaderLibrary: Display: ShaderCodeLibraryPakFileMountedCallback: PakFile 'C:/Program Files/Epic Games/UE_4.27/FeaturePacks/TP_2DSideScrollerBP.upack' (chunk index -1, root 'root:/') mounted
[2023.07.24-00.53.17:397][  0]LogShaderLibrary: Display: ShaderCodeLibraryPakFileMountedCallback: pending pak file info (ChunkID:-1 Root:root:/ File:C:/Program Files/Epic Games/UE_4.27/FeaturePacks/TP_2DSideScrollerBP.upack)
[2023.07.24-00.53.17:398][  0]LogPakFile: OnPakFileMounted2Time == 0.000020
[2023.07.24-00.53.17:398][  0]LogPakFile: PakFile PrimaryIndexSize=182
[2023.07.24-00.53.17:398][  0]LogPakFile: PakFile PathHashIndexSize=101
[2023.07.24-00.53.17:398][  0]LogPakFile: PakFile FullDirectoryIndexSize=138
[2023.07.24-00.53.17:398][  0]LogShaderLibrary: Display: ShaderCodeLibraryPakFileMountedCallback: PakFile 'C:/Program Files/Epic Games/UE_4.27/FeaturePacks/TP_Flying.upack' (chunk index -1, root 'root:/') mounted
[2023.07.24-00.53.17:398][  0]LogShaderLibrary: Display: ShaderCodeLibraryPakFileMountedCallback: pending pak file info (ChunkID:-1 Root:root:/ File:C:/Program Files/Epic Games/UE_4.27/FeaturePacks/TP_Flying.upack)
[2023.07.24-00.53.17:398][  0]LogPakFile: OnPakFileMounted2Time == 0.000018
[2023.07.24-00.53.17:398][  0]LogPakFile: PakFile PrimaryIndexSize=184
[2023.07.24-00.53.17:398][  0]LogPakFile: PakFile PathHashIndexSize=101
[2023.07.24-00.53.17:398][  0]LogPakFile: PakFile FullDirectoryIndexSize=142
[2023.07.24-00.53.17:398][  0]LogShaderLibrary: Display: ShaderCodeLibraryPakFileMountedCallback: PakFile 'C:/Program Files/Epic Games/UE_4.27/FeaturePacks/TP_FlyingBP.upack' (chunk index -1, root 'root:/') mounted
[2023.07.24-00.53.17:398][  0]LogShaderLibrary: Display: ShaderCodeLibraryPakFileMountedCallback: pending pak file info (ChunkID:-1 Root:root:/ File:C:/Program Files/Epic Games/UE_4.27/FeaturePacks/TP_FlyingBP.upack)
[2023.07.24-00.53.17:398][  0]LogPakFile: OnPakFileMounted2Time == 0.000021
[2023.07.24-00.53.17:398][  0]LogPakFile: PakFile PrimaryIndexSize=188
[2023.07.24-00.53.17:398][  0]LogPakFile: PakFile PathHashIndexSize=101
[2023.07.24-00.53.17:398][  0]LogPakFile: PakFile FullDirectoryIndexSize=150
[2023.07.24-00.53.17:398][  0]LogShaderLibrary: Display: ShaderCodeLibraryPakFileMountedCallback: PakFile 'C:/Program Files/Epic Games/UE_4.27/FeaturePacks/TP_HandheldARBP.upack' (chunk index -1, root 'root:/') mounted
[2023.07.24-00.53.17:398][  0]LogShaderLibrary: Display: ShaderCodeLibraryPakFileMountedCallback: pending pak file info (ChunkID:-1 Root:root:/ File:C:/Program Files/Epic Games/UE_4.27/FeaturePacks/TP_HandheldARBP.upack)
[2023.07.24-00.53.17:398][  0]LogPakFile: OnPakFileMounted2Time == 0.000037
[2023.07.24-00.53.17:399][  0]LogPakFile: PakFile PrimaryIndexSize=182
[2023.07.24-00.53.17:399][  0]LogPakFile: PakFile PathHashIndexSize=101
[2023.07.24-00.53.17:399][  0]LogPakFile: PakFile FullDirectoryIndexSize=138
[2023.07.24-00.53.17:399][  0]LogShaderLibrary: Display: ShaderCodeLibraryPakFileMountedCallback: PakFile 'C:/Program Files/Epic Games/UE_4.27/FeaturePacks/TP_Puzzle.upack' (chunk index -1, root 'root:/') mounted
[2023.07.24-00.53.17:399][  0]LogShaderLibrary: Display: ShaderCodeLibraryPakFileMountedCallback: pending pak file info (ChunkID:-1 Root:root:/ File:C:/Program Files/Epic Games/UE_4.27/FeaturePacks/TP_Puzzle.upack)
[2023.07.24-00.53.17:399][  0]LogPakFile: OnPakFileMounted2Time == 0.000018
[2023.07.24-00.53.17:399][  0]LogPakFile: PakFile PrimaryIndexSize=184
[2023.07.24-00.53.17:399][  0]LogPakFile: PakFile PathHashIndexSize=101
[2023.07.24-00.53.17:399][  0]LogPakFile: PakFile FullDirectoryIndexSize=142
[2023.07.24-00.53.17:399][  0]LogShaderLibrary: Display: ShaderCodeLibraryPakFileMountedCallback: PakFile 'C:/Program Files/Epic Games/UE_4.27/FeaturePacks/TP_PuzzleBP.upack' (chunk index -1, root 'root:/') mounted
[2023.07.24-00.53.17:399][  0]LogShaderLibrary: Display: ShaderCodeLibraryPakFileMountedCallback: pending pak file info (ChunkID:-1 Root:root:/ File:C:/Program Files/Epic Games/UE_4.27/FeaturePacks/TP_PuzzleBP.upack)
[2023.07.24-00.53.17:399][  0]LogPakFile: OnPakFileMounted2Time == 0.000017
[2023.07.24-00.53.17:399][  0]LogPakFile: PakFile PrimaryIndexSize=183
[2023.07.24-00.53.17:399][  0]LogPakFile: PakFile PathHashIndexSize=101
[2023.07.24-00.53.17:399][  0]LogPakFile: PakFile FullDirectoryIndexSize=140
[2023.07.24-00.53.17:399][  0]LogShaderLibrary: Display: ShaderCodeLibraryPakFileMountedCallback: PakFile 'C:/Program Files/Epic Games/UE_4.27/FeaturePacks/TP_Rolling.upack' (chunk index -1, root 'root:/') mounted
[2023.07.24-00.53.17:399][  0]LogShaderLibrary: Display: ShaderCodeLibraryPakFileMountedCallback: pending pak file info (ChunkID:-1 Root:root:/ File:C:/Program Files/Epic Games/UE_4.27/FeaturePacks/TP_Rolling.upack)
[2023.07.24-00.53.17:399][  0]LogPakFile: OnPakFileMounted2Time == 0.000017
[2023.07.24-00.53.17:399][  0]LogPakFile: PakFile PrimaryIndexSize=185
[2023.07.24-00.53.17:399][  0]LogPakFile: PakFile PathHashIndexSize=101
[2023.07.24-00.53.17:399][  0]LogPakFile: PakFile FullDirectoryIndexSize=144
[2023.07.24-00.53.17:399][  0]LogShaderLibrary: Display: ShaderCodeLibraryPakFileMountedCallback: PakFile 'C:/Program Files/Epic Games/UE_4.27/FeaturePacks/TP_RollingBP.upack' (chunk index -1, root 'root:/') mounted
[2023.07.24-00.53.17:399][  0]LogShaderLibrary: Display: ShaderCodeLibraryPakFileMountedCallback: pending pak file info (ChunkID:-1 Root:root:/ File:C:/Program Files/Epic Games/UE_4.27/FeaturePacks/TP_RollingBP.upack)
[2023.07.24-00.53.17:399][  0]LogPakFile: OnPakFileMounted2Time == 0.000021
[2023.07.24-00.53.17:400][  0]LogPakFile: PakFile PrimaryIndexSize=188
[2023.07.24-00.53.17:400][  0]LogPakFile: PakFile PathHashIndexSize=101
[2023.07.24-00.53.17:400][  0]LogPakFile: PakFile FullDirectoryIndexSize=150
[2023.07.24-00.53.17:400][  0]LogShaderLibrary: Display: ShaderCodeLibraryPakFileMountedCallback: PakFile 'C:/Program Files/Epic Games/UE_4.27/FeaturePacks/TP_SideScroller.upack' (chunk index -1, root 'root:/') mounted
[2023.07.24-00.53.17:400][  0]LogShaderLibrary: Display: ShaderCodeLibraryPakFileMountedCallback: pending pak file info (ChunkID:-1 Root:root:/ File:C:/Program Files/Epic Games/UE_4.27/FeaturePacks/TP_SideScroller.upack)
[2023.07.24-00.53.17:400][  0]LogPakFile: OnPakFileMounted2Time == 0.000017
[2023.07.24-00.53.17:400][  0]LogPakFile: PakFile PrimaryIndexSize=190
[2023.07.24-00.53.17:400][  0]LogPakFile: PakFile PathHashIndexSize=101
[2023.07.24-00.53.17:400][  0]LogPakFile: PakFile FullDirectoryIndexSize=154
[2023.07.24-00.53.17:400][  0]LogShaderLibrary: Display: ShaderCodeLibraryPakFileMountedCallback: PakFile 'C:/Program Files/Epic Games/UE_4.27/FeaturePacks/TP_SideScrollerBP.upack' (chunk index -1, root 'root:/') mounted
[2023.07.24-00.53.17:400][  0]LogShaderLibrary: Display: ShaderCodeLibraryPakFileMountedCallback: pending pak file info (ChunkID:-1 Root:root:/ File:C:/Program Files/Epic Games/UE_4.27/FeaturePacks/TP_SideScrollerBP.upack)
[2023.07.24-00.53.17:400][  0]LogPakFile: OnPakFileMounted2Time == 0.000017
[2023.07.24-00.53.17:400][  0]LogPakFile: PakFile PrimaryIndexSize=187
[2023.07.24-00.53.17:400][  0]LogPakFile: PakFile PathHashIndexSize=101
[2023.07.24-00.53.17:400][  0]LogPakFile: PakFile FullDirectoryIndexSize=148
[2023.07.24-00.53.17:400][  0]LogShaderLibrary: Display: ShaderCodeLibraryPakFileMountedCallback: PakFile 'C:/Program Files/Epic Games/UE_4.27/FeaturePacks/TP_ThirdPerson.upack' (chunk index -1, root 'root:/') mounted
[2023.07.24-00.53.17:400][  0]LogShaderLibrary: Display: ShaderCodeLibraryPakFileMountedCallback: pending pak file info (ChunkID:-1 Root:root:/ File:C:/Program Files/Epic Games/UE_4.27/FeaturePacks/TP_ThirdPerson.upack)
[2023.07.24-00.53.17:400][  0]LogPakFile: OnPakFileMounted2Time == 0.000022
[2023.07.24-00.53.17:400][  0]LogPakFile: PakFile PrimaryIndexSize=189
[2023.07.24-00.53.17:400][  0]LogPakFile: PakFile PathHashIndexSize=101
[2023.07.24-00.53.17:400][  0]LogPakFile: PakFile FullDirectoryIndexSize=152
[2023.07.24-00.53.17:400][  0]LogShaderLibrary: Display: ShaderCodeLibraryPakFileMountedCallback: PakFile 'C:/Program Files/Epic Games/UE_4.27/FeaturePacks/TP_ThirdPersonBP.upack' (chunk index -1, root 'root:/') mounted
[2023.07.24-00.53.17:400][  0]LogShaderLibrary: Display: ShaderCodeLibraryPakFileMountedCallback: pending pak file info (ChunkID:-1 Root:root:/ File:C:/Program Files/Epic Games/UE_4.27/FeaturePacks/TP_ThirdPersonBP.upack)
[2023.07.24-00.53.17:400][  0]LogPakFile: OnPakFileMounted2Time == 0.000017
[2023.07.24-00.53.17:401][  0]LogPakFile: PakFile PrimaryIndexSize=183
[2023.07.24-00.53.17:401][  0]LogPakFile: PakFile PathHashIndexSize=101
[2023.07.24-00.53.17:401][  0]LogPakFile: PakFile FullDirectoryIndexSize=140
[2023.07.24-00.53.17:401][  0]LogShaderLibrary: Display: ShaderCodeLibraryPakFileMountedCallback: PakFile 'C:/Program Files/Epic Games/UE_4.27/FeaturePacks/TP_TopDown.upack' (chunk index -1, root 'root:/') mounted
[2023.07.24-00.53.17:401][  0]LogShaderLibrary: Display: ShaderCodeLibraryPakFileMountedCallback: pending pak file info (ChunkID:-1 Root:root:/ File:C:/Program Files/Epic Games/UE_4.27/FeaturePacks/TP_TopDown.upack)
[2023.07.24-00.53.17:401][  0]LogPakFile: OnPakFileMounted2Time == 0.000022
[2023.07.24-00.53.17:401][  0]LogPakFile: PakFile PrimaryIndexSize=185
[2023.07.24-00.53.17:401][  0]LogPakFile: PakFile PathHashIndexSize=101
[2023.07.24-00.53.17:401][  0]LogPakFile: PakFile FullDirectoryIndexSize=144
[2023.07.24-00.53.17:401][  0]LogShaderLibrary: Display: ShaderCodeLibraryPakFileMountedCallback: PakFile 'C:/Program Files/Epic Games/UE_4.27/FeaturePacks/TP_TopDownBP.upack' (chunk index -1, root 'root:/') mounted
[2023.07.24-00.53.17:401][  0]LogShaderLibrary: Display: ShaderCodeLibraryPakFileMountedCallback: pending pak file info (ChunkID:-1 Root:root:/ File:C:/Program Files/Epic Games/UE_4.27/FeaturePacks/TP_TopDownBP.upack)
[2023.07.24-00.53.17:401][  0]LogPakFile: OnPakFileMounted2Time == 0.000018
[2023.07.24-00.53.17:401][  0]LogPakFile: PakFile PrimaryIndexSize=185
[2023.07.24-00.53.17:401][  0]LogPakFile: PakFile PathHashIndexSize=101
[2023.07.24-00.53.17:401][  0]LogPakFile: PakFile FullDirectoryIndexSize=144
[2023.07.24-00.53.17:401][  0]LogShaderLibrary: Display: ShaderCodeLibraryPakFileMountedCallback: PakFile 'C:/Program Files/Epic Games/UE_4.27/FeaturePacks/TP_TwinStick.upack' (chunk index -1, root 'root:/') mounted
[2023.07.24-00.53.17:401][  0]LogShaderLibrary: Display: ShaderCodeLibraryPakFileMountedCallback: pending pak file info (ChunkID:-1 Root:root:/ File:C:/Program Files/Epic Games/UE_4.27/FeaturePacks/TP_TwinStick.upack)
[2023.07.24-00.53.17:401][  0]LogPakFile: OnPakFileMounted2Time == 0.000017
[2023.07.24-00.53.17:401][  0]LogPakFile: PakFile PrimaryIndexSize=187
[2023.07.24-00.53.17:401][  0]LogPakFile: PakFile PathHashIndexSize=101
[2023.07.24-00.53.17:401][  0]LogPakFile: PakFile FullDirectoryIndexSize=148
[2023.07.24-00.53.17:401][  0]LogShaderLibrary: Display: ShaderCodeLibraryPakFileMountedCallback: PakFile 'C:/Program Files/Epic Games/UE_4.27/FeaturePacks/TP_TwinStickBP.upack' (chunk index -1, root 'root:/') mounted
[2023.07.24-00.53.17:401][  0]LogShaderLibrary: Display: ShaderCodeLibraryPakFileMountedCallback: pending pak file info (ChunkID:-1 Root:root:/ File:C:/Program Files/Epic Games/UE_4.27/FeaturePacks/TP_TwinStickBP.upack)
[2023.07.24-00.53.17:401][  0]LogPakFile: OnPakFileMounted2Time == 0.000017
[2023.07.24-00.53.17:402][  0]LogPakFile: PakFile PrimaryIndexSize=183
[2023.07.24-00.53.17:402][  0]LogPakFile: PakFile PathHashIndexSize=101
[2023.07.24-00.53.17:402][  0]LogPakFile: PakFile FullDirectoryIndexSize=140
[2023.07.24-00.53.17:402][  0]LogShaderLibrary: Display: ShaderCodeLibraryPakFileMountedCallback: PakFile 'C:/Program Files/Epic Games/UE_4.27/FeaturePacks/TP_Vehicle.upack' (chunk index -1, root 'root:/') mounted
[2023.07.24-00.53.17:402][  0]LogShaderLibrary: Display: ShaderCodeLibraryPakFileMountedCallback: pending pak file info (ChunkID:-1 Root:root:/ File:C:/Program Files/Epic Games/UE_4.27/FeaturePacks/TP_Vehicle.upack)
[2023.07.24-00.53.17:402][  0]LogPakFile: OnPakFileMounted2Time == 0.000017
[2023.07.24-00.53.17:402][  0]LogPakFile: PakFile PrimaryIndexSize=186
[2023.07.24-00.53.17:402][  0]LogPakFile: PakFile PathHashIndexSize=101
[2023.07.24-00.53.17:402][  0]LogPakFile: PakFile FullDirectoryIndexSize=146
[2023.07.24-00.53.17:402][  0]LogShaderLibrary: Display: ShaderCodeLibraryPakFileMountedCallback: PakFile 'C:/Program Files/Epic Games/UE_4.27/FeaturePacks/TP_VehicleAdv.upack' (chunk index -1, root 'root:/') mounted
[2023.07.24-00.53.17:402][  0]LogShaderLibrary: Display: ShaderCodeLibraryPakFileMountedCallback: pending pak file info (ChunkID:-1 Root:root:/ File:C:/Program Files/Epic Games/UE_4.27/FeaturePacks/TP_VehicleAdv.upack)
[2023.07.24-00.53.17:402][  0]LogPakFile: OnPakFileMounted2Time == 0.000017
[2023.07.24-00.53.17:402][  0]LogPakFile: PakFile PrimaryIndexSize=188
[2023.07.24-00.53.17:402][  0]LogPakFile: PakFile PathHashIndexSize=101
[2023.07.24-00.53.17:402][  0]LogPakFile: PakFile FullDirectoryIndexSize=150
[2023.07.24-00.53.17:402][  0]LogShaderLibrary: Display: ShaderCodeLibraryPakFileMountedCallback: PakFile 'C:/Program Files/Epic Games/UE_4.27/FeaturePacks/TP_VehicleAdvBP.upack' (chunk index -1, root 'root:/') mounted
[2023.07.24-00.53.17:402][  0]LogShaderLibrary: Display: ShaderCodeLibraryPakFileMountedCallback: pending pak file info (ChunkID:-1 Root:root:/ File:C:/Program Files/Epic Games/UE_4.27/FeaturePacks/TP_VehicleAdvBP.upack)
[2023.07.24-00.53.17:402][  0]LogPakFile: OnPakFileMounted2Time == 0.000018
[2023.07.24-00.53.17:402][  0]LogPakFile: PakFile PrimaryIndexSize=185
[2023.07.24-00.53.17:402][  0]LogPakFile: PakFile PathHashIndexSize=101
[2023.07.24-00.53.17:402][  0]LogPakFile: PakFile FullDirectoryIndexSize=144
[2023.07.24-00.53.17:402][  0]LogShaderLibrary: Display: ShaderCodeLibraryPakFileMountedCallback: PakFile 'C:/Program Files/Epic Games/UE_4.27/FeaturePacks/TP_VehicleBP.upack' (chunk index -1, root 'root:/') mounted
[2023.07.24-00.53.17:402][  0]LogShaderLibrary: Display: ShaderCodeLibraryPakFileMountedCallback: pending pak file info (ChunkID:-1 Root:root:/ File:C:/Program Files/Epic Games/UE_4.27/FeaturePacks/TP_VehicleBP.upack)
[2023.07.24-00.53.17:402][  0]LogPakFile: OnPakFileMounted2Time == 0.000020
[2023.07.24-00.53.17:402][  0]LogPakFile: PakFile PrimaryIndexSize=192
[2023.07.24-00.53.17:402][  0]LogPakFile: PakFile PathHashIndexSize=101
[2023.07.24-00.53.17:403][  0]LogPakFile: PakFile FullDirectoryIndexSize=158
[2023.07.24-00.53.17:403][  0]LogShaderLibrary: Display: ShaderCodeLibraryPakFileMountedCallback: PakFile 'C:/Program Files/Epic Games/UE_4.27/FeaturePacks/TP_VirtualRealityBP.upack' (chunk index -1, root 'root:/') mounted
[2023.07.24-00.53.17:403][  0]LogShaderLibrary: Display: ShaderCodeLibraryPakFileMountedCallback: pending pak file info (ChunkID:-1 Root:root:/ File:C:/Program Files/Epic Games/UE_4.27/FeaturePacks/TP_VirtualRealityBP.upack)
[2023.07.24-00.53.17:403][  0]LogPakFile: OnPakFileMounted2Time == 0.000018
[2023.07.24-00.53.17:417][  0]LogNativeClassHierarchy: Verbose: Native class hierarchy updated for 'AddContentDialog' in 0.0002 seconds. Added 0 classes and 0 folders.
[2023.07.24-00.53.17:417][  0]LogNativeClassHierarchy: Verbose: Native class hierarchy updated for 'SceneOutliner' in 0.0002 seconds. Added 2 classes and 0 folders.
[2023.07.24-00.53.17:433][  0]LogSlate: Took 0.000094 seconds to synchronously load lazily loaded font '../../../Engine/Content/Slate/Fonts/Roboto-Regular.ttf' (155K)
[2023.07.24-00.53.17:433][  0]LogSlate: Took 0.000078 seconds to synchronously load lazily loaded font '../../../Engine/Content/Editor/Slate/Fonts/FontAwesome.ttf' (139K)
[2023.07.24-00.53.17:434][  0]LogSlate: Took 0.000073 seconds to synchronously load lazily loaded font '../../../Engine/Content/Slate/Fonts/Roboto-Bold.ttf' (160K)
[2023.07.24-00.53.17:481][  0]LogRenderer: Reallocating scene render targets to support 1208x572 Format 10 NumSamples 1 (Frame:1).
[2023.07.24-00.53.17:499][  0]LogSlate: Took 0.000108 seconds to synchronously load lazily loaded font '../../../Engine/Content/Slate/Fonts/Roboto-Light.ttf' (167K)
[2023.07.24-00.53.17:527][  0]LogNativeClassHierarchy: Verbose: Native class hierarchy updated for 'HierarchicalLODOutliner' in 0.0002 seconds. Added 0 classes and 0 folders.
[2023.07.24-00.53.17:527][  0]LogLoad: (Engine Initialization) Total time: 4.00 seconds
[2023.07.24-00.53.17:527][  0]LogLoad: (Engine Initialization) Total Blueprint compile time: 0.00 seconds
[2023.07.24-00.53.17:561][  0]LogAssetRegistry: Asset discovery search completed in 2.2149 seconds
[2023.07.24-00.53.17:564][  0]LogCollectionManager: Fixed up redirectors for 0 collections in 0.000003 seconds (updated 0 objects)
[2023.07.24-00.53.17:565][  0]LogContentStreaming: Texture pool size now 1000 MB
[2023.07.24-00.53.35:678][644]LogSlate: Took 0.003678 seconds to synchronously load lazily loaded font '../../../Engine/Content/Slate/Fonts/Roboto-Italic.ttf' (157K)
[2023.07.24-00.53.49:882][301]LogSlate: Took 0.000156 seconds to synchronously load lazily loaded font '../../../Engine/Content/Slate/Fonts/Roboto-Light.ttf' (167K)
[2023.07.24-00.53.49:910][301]LogEditorClassViewer: Warning: Class /Engine/Tutorial/InWorldBlueprintEditing/TutorialAssets/IWBE_Blutility.IWBE_Blutility_C has parent /Script/Blutility.PlacedEditorUtilityBase, but this parent is not found. The Class will not be shown in ClassViewer.
[2023.07.24-00.53.49:932][301]LogSlate: Took 0.003815 seconds to synchronously load lazily loaded font '../../../Engine/Content/Slate/Fonts/Roboto-BoldCondensed.ttf' (158K)
[2023.07.24-00.54.19:927][878]Running C:/Program Files/Epic Games/UE_4.27/Engine/Binaries/DotNET/UnrealBuildTool.exe  -projectfiles -project="C:/Users/s213634/Desktop/GitHub/GameJam2023/GameJam2023/GameJam2023.uproject" -game -rocket -progress
[2023.07.24-00.54.20:130][878]Discovering modules, targets and source code for project...
[2023.07.24-00.54.21:338][878]Binding IntelliSense data...
[2023.07.24-00.54.26:069][878]Binding IntelliSense data... 100%
[2023.07.24-00.54.26:069][878]Writing project files...
[2023.07.24-00.54.28:081][878]Writing project files... 100%
[2023.07.24-00.54.28:184][878]LogVSAccessor: Warning: Couldn't access Visual Studio
[2023.07.24-00.54.28:202][878]Candidate modules for hot reload:
[2023.07.24-00.54.28:202][878]  GameJam2023
[2023.07.24-00.54.28:202][878]Launching UnrealBuildTool... [C:/Program Files/Epic Games/UE_4.27/Engine/Binaries/DotNET/UnrealBuildTool.exe  -ModuleWithSuffix=GameJam2023,4788 GameJam2023Editor Win64 Development -Project="C:/Users/s213634/Desktop/GitHub/GameJam2023/GameJam2023/GameJam2023.uproject" "C:/Users/s213634/Desktop/GitHub/GameJam2023/GameJam2023/GameJam2023.uproject"  -IgnoreJunk]
[2023.07.24-00.54.33:621][878]CompilerResultsLog: New page: Compilation - 24 Jul 2023, 8:54:33 pm
[2023.07.24-00.54.33:621][878]CompilerResultsLog: Using 'git status' to determine working set for adaptive non-unity build (C:\Users\s213634\Desktop\GitHub\GameJam2023).
[2023.07.24-00.54.33:621][878]CompilerResultsLog: Creating makefile for GameJam2023Editor (no existing makefile)
[2023.07.24-00.54.33:621][878]CompilerResultsLog: Parsing headers for GameJam2023Editor
[2023.07.24-00.54.33:621][878]CompilerResultsLog:   Running UnrealHeaderTool "C:\Users\s213634\Desktop\GitHub\GameJam2023\GameJam2023\GameJam2023.uproject" "C:\Users\s213634\Desktop\GitHub\GameJam2023\GameJam2023\Intermediate\Build\Win64\GameJam2023Editor\Development\GameJam2023Editor.uhtmanifest" -LogCmds="loginit warning, logexit warning, logdatabase error" -Unattended -WarningsAsErrors -abslog="C:\Users\s213634\AppData\Local\UnrealBuildTool\Log_UHT.txt" -installed
[2023.07.24-00.54.33:621][878]CompilerResultsLog: LogInit: Display: Loading text-based GConfig....
[2023.07.24-00.54.33:621][878]CompilerResultsLog: Reflection code generated for GameJam2023Editor in 2.4457994 seconds
[2023.07.24-00.54.33:621][878]CompilerResultsLog: Building GameJam2023Editor...
[2023.07.24-00.54.33:621][878]CompilerResultsLog: Using Visual Studio 2022 14.33.31630 toolchain (C:\Program Files\Microsoft Visual Studio\2022\Community\VC\Tools\MSVC\14.33.31629) and Windows 10.0.18362.0 SDK (C:\Program Files (x86)\Windows Kits\10).
[2023.07.24-00.54.33:621][878]CompilerResultsLog: Building 9 actions with 20 processes...
[2023.07.24-00.54.33:621][878]CompilerResultsLog:   [1/9] GameJam2023GameMode.cpp
[2023.07.24-00.54.33:621][878]CompilerResultsLog:   [2/9] GameJam2023.init.gen.cpp
[2023.07.24-00.54.33:621][878]CompilerResultsLog:   [3/9] GameJam2023.cpp
[2023.07.24-00.54.33:621][878]CompilerResultsLog:   [4/9] FirstPersonCharacter.cpp
[2023.07.24-00.54.33:621][878]CompilerResultsLog:   [5/9] FirstPersonCharacter.gen.cpp
[2023.07.24-00.54.33:621][878]CompilerResultsLog:   [6/9] GameJam2023GameMode.gen.cpp
[2023.07.24-00.54.33:621][878]CompilerResultsLog:   [7/9] UE4Editor-GameJam2023-4788.lib
[2023.07.24-00.54.33:621][878]CompilerResultsLog:      Creating library C:\Users\s213634\Desktop\GitHub\GameJam2023\GameJam2023\Intermediate\Build\Win64\UE4Editor\Development\GameJam2023\UE4Editor-GameJam2023-4788.lib and object C:\Users\s213634\Desktop\GitHub\GameJam2023\GameJam2023\Intermediate\Build\Win64\UE4Editor\Development\GameJam2023\UE4Editor-GameJam2023-4788.exp
[2023.07.24-00.54.33:621][878]CompilerResultsLog:   [8/9] UE4Editor-GameJam2023-4788.dll
[2023.07.24-00.54.33:621][878]CompilerResultsLog:      Creating library C:\Users\s213634\Desktop\GitHub\GameJam2023\GameJam2023\Intermediate\Build\Win64\UE4Editor\Development\GameJam2023\UE4Editor-GameJam2023-4788.suppressed.lib and object C:\Users\s213634\Desktop\GitHub\GameJam2023\GameJam2023\Intermediate\Build\Win64\UE4Editor\Development\GameJam2023\UE4Editor-GameJam2023-4788.suppressed.exp
[2023.07.24-00.54.33:621][878]CompilerResultsLog:   [9/9] GameJam2023Editor.target
[2023.07.24-00.54.33:621][878]CompilerResultsLog: Total time in Parallel executor: 1.76 seconds
[2023.07.24-00.54.33:621][878]CompilerResultsLog: Total execution time: 5.37 seconds
[2023.07.24-00.54.33:622][878]LogMainFrame: MainFrame: Module compiling took 5.438 seconds
[2023.07.24-00.54.33:641][878]LogClass: Could not find existing class FirstPersonCharacter in package /Script/GameJam2023 for HotReload, assuming new class
[2023.07.24-00.54.33:643][878]LogNativeClassHierarchy: Verbose: Native class hierarchy updated for 'GameJam2023' in 0.0002 seconds. Added 2 classes and 2 folders.
[2023.07.24-00.54.33:645][878]Display: HotReload successful (0 functions remapped  0 scriptstructs remapped)
[2023.07.24-00.54.33:680][878]LogNativeClassHierarchy: Verbose: Native class hierarchy populated in 0.0060 seconds. Added 3824 classes and 930 folders.
[2023.07.24-00.54.33:681][878]Display: HotReload took  5.5s.
[2023.07.24-00.54.33:687][878]Warning: HotReload operation took  5.5s.
[2023.07.24-00.54.33:739][878]LogSlate: Window 'Add C++ Class' being destroyed
[2023.07.24-00.54.33:743][878]LogHotReload: New module detected: UE4Editor-GameJam2023-4788.dll
[2023.07.24-00.54.33:765][879]LogHotReload: Starting Hot-Reload from IDE
[2023.07.24-00.54.33:845][879]LogNativeClassHierarchy: Verbose: Native class hierarchy updated for 'GameJam2023' in 0.0002 seconds. Added 2 classes and 2 folders.
[2023.07.24-00.54.33:846][879]Display: HotReload successful (0 functions remapped  0 scriptstructs remapped)
[2023.07.24-00.54.33:854][879]LogNativeClassHierarchy: Verbose: Native class hierarchy populated in 0.0060 seconds. Added 3824 classes and 930 folders.
[2023.07.24-00.54.33:860][879]Display: HotReload took  0.1s.
[2023.07.24-00.54.40:942][881]LogVSAccessor: Warning: Couldn't goto line number '1' in 'C:/Users/s213634/Desktop/GitHub/GameJam2023/GameJam2023/Source/GameJam2023/FirstPersonCharacter.h'
[2023.07.24-00.54.40:998][881]LogVSAccessor: Warning: Couldn't goto line number '1' in 'C:/Users/s213634/Desktop/GitHub/GameJam2023/GameJam2023/Source/GameJam2023/FirstPersonCharacter.cpp'
